CRITICAL - 2020-09-07 21:22:56 --> Class 'App\Models\UserModel' not found
#0 C:\xampp\htdocs\taprojek\vendor\codeigniter4\framework\system\CodeIgniter.php(890): App\Controllers\Admin->__construct()
#1 C:\xampp\htdocs\taprojek\vendor\codeigniter4\framework\system\CodeIgniter.php(399): CodeIgniter\CodeIgniter->createController()
#2 C:\xampp\htdocs\taprojek\vendor\codeigniter4\framework\system\CodeIgniter.php(312): CodeIgniter\CodeIgniter->handleRequest(NULL, Object(Config\Cache), false)
#3 C:\xampp\htdocs\taprojek\public\index.php(45): CodeIgniter\CodeIgniter->run()
#4 C:\xampp\htdocs\taprojek\vendor\codeigniter4\framework\system\Commands\Server\rewrite.php(34): require_once('C:\\xampp\\htdocs...')
#5 {main}
CRITICAL - 2020-09-07 21:50:34 --> Object of class App\Models\UserModel could not be converted to string
#0 C:\xampp\htdocs\taprojek\vendor\codeigniter4\framework\system\CodeIgniter.php(918): App\Controllers\Admin->index()
#1 C:\xampp\htdocs\taprojek\vendor\codeigniter4\framework\system\CodeIgniter.php(404): CodeIgniter\CodeIgniter->runController(Object(App\Controllers\Admin))
#2 C:\xampp\htdocs\taprojek\vendor\codeigniter4\framework\system\CodeIgniter.php(312): CodeIgniter\CodeIgniter->handleRequest(NULL, Object(Config\Cache), false)
#3 C:\xampp\htdocs\taprojek\public\index.php(45): CodeIgniter\CodeIgniter->run()
#4 C:\xampp\htdocs\taprojek\vendor\codeigniter4\framework\system\Commands\Server\rewrite.php(34): require_once('C:\\xampp\\htdocs...')
#5 {main}
CRITICAL - 2020-09-07 21:52:33 --> Object of class App\Models\UserModel could not be converted to string
#0 C:\xampp\htdocs\taprojek\vendor\codeigniter4\framework\system\CodeIgniter.php(918): App\Controllers\Admin->index()
#1 C:\xampp\htdocs\taprojek\vendor\codeigniter4\framework\system\CodeIgniter.php(404): CodeIgniter\CodeIgniter->runController(Object(App\Controllers\Admin))
#2 C:\xampp\htdocs\taprojek\vendor\codeigniter4\framework\system\CodeIgniter.php(312): CodeIgniter\CodeIgniter->handleRequest(NULL, Object(Config\Cache), false)
#3 C:\xampp\htdocs\taprojek\public\index.php(45): CodeIgniter\CodeIgniter->run()
#4 C:\xampp\htdocs\taprojek\vendor\codeigniter4\framework\system\Commands\Server\rewrite.php(34): require_once('C:\\xampp\\htdocs...')
#5 {main}
