CRITICAL - 2021-03-06 00:40:52 --> Undefined variable: validation
#0 C:\xampp\htdocs\taprojek\app\Views\admin\modal\tambahDokter.php(16): CodeIgniter\Debug\Exceptions->errorHandler(8, 'Undefined varia...', 'C:\\xampp\\htdocs...', 16, Array)
#1 C:\xampp\htdocs\taprojek\vendor\codeigniter4\framework\system\View\View.php(246): include('C:\\xampp\\htdocs...')
#2 C:\xampp\htdocs\taprojek\vendor\codeigniter4\framework\system\Common.php(1119): CodeIgniter\View\View->render('admin/modal/tam...', Array, true)
#3 C:\xampp\htdocs\taprojek\app\Controllers\Admin.php(166): view('admin/modal/tam...')
#4 C:\xampp\htdocs\taprojek\vendor\codeigniter4\framework\system\CodeIgniter.php(918): App\Controllers\Admin->modalTambahDokter()
#5 C:\xampp\htdocs\taprojek\vendor\codeigniter4\framework\system\CodeIgniter.php(404): CodeIgniter\CodeIgniter->runController(Object(App\Controllers\Admin))
#6 C:\xampp\htdocs\taprojek\vendor\codeigniter4\framework\system\CodeIgniter.php(312): CodeIgniter\CodeIgniter->handleRequest(NULL, Object(Config\Cache), false)
#7 C:\xampp\htdocs\taprojek\public\index.php(45): CodeIgniter\CodeIgniter->run()
#8 C:\xampp\htdocs\taprojek\vendor\codeigniter4\framework\system\Commands\Server\rewrite.php(34): require_once('C:\\xampp\\htdocs...')
#9 {main}
CRITICAL - 2021-03-06 00:42:38 --> Undefined variable: validation
#0 C:\xampp\htdocs\taprojek\app\Views\admin\modal\tambahDokter.php(16): CodeIgniter\Debug\Exceptions->errorHandler(8, 'Undefined varia...', 'C:\\xampp\\htdocs...', 16, Array)
#1 C:\xampp\htdocs\taprojek\vendor\codeigniter4\framework\system\View\View.php(246): include('C:\\xampp\\htdocs...')
#2 C:\xampp\htdocs\taprojek\vendor\codeigniter4\framework\system\Common.php(1119): CodeIgniter\View\View->render('admin/modal/tam...', Array, true)
#3 C:\xampp\htdocs\taprojek\app\Controllers\Admin.php(166): view('admin/modal/tam...')
#4 C:\xampp\htdocs\taprojek\vendor\codeigniter4\framework\system\CodeIgniter.php(918): App\Controllers\Admin->modalTambahDokter()
#5 C:\xampp\htdocs\taprojek\vendor\codeigniter4\framework\system\CodeIgniter.php(404): CodeIgniter\CodeIgniter->runController(Object(App\Controllers\Admin))
#6 C:\xampp\htdocs\taprojek\vendor\codeigniter4\framework\system\CodeIgniter.php(312): CodeIgniter\CodeIgniter->handleRequest(NULL, Object(Config\Cache), false)
#7 C:\xampp\htdocs\taprojek\public\index.php(45): CodeIgniter\CodeIgniter->run()
#8 C:\xampp\htdocs\taprojek\vendor\codeigniter4\framework\system\Commands\Server\rewrite.php(34): require_once('C:\\xampp\\htdocs...')
#9 {main}
CRITICAL - 2021-03-06 00:45:05 --> Undefined variable: validation
#0 C:\xampp\htdocs\taprojek\app\Views\admin\modal\tambahDokter.php(16): CodeIgniter\Debug\Exceptions->errorHandler(8, 'Undefined varia...', 'C:\\xampp\\htdocs...', 16, Array)
#1 C:\xampp\htdocs\taprojek\vendor\codeigniter4\framework\system\View\View.php(246): include('C:\\xampp\\htdocs...')
#2 C:\xampp\htdocs\taprojek\vendor\codeigniter4\framework\system\Common.php(1119): CodeIgniter\View\View->render('admin/modal/tam...', Array, true)
#3 C:\xampp\htdocs\taprojek\app\Controllers\Admin.php(166): view('admin/modal/tam...')
#4 C:\xampp\htdocs\taprojek\vendor\codeigniter4\framework\system\CodeIgniter.php(918): App\Controllers\Admin->modalTambahDokter()
#5 C:\xampp\htdocs\taprojek\vendor\codeigniter4\framework\system\CodeIgniter.php(404): CodeIgniter\CodeIgniter->runController(Object(App\Controllers\Admin))
#6 C:\xampp\htdocs\taprojek\vendor\codeigniter4\framework\system\CodeIgniter.php(312): CodeIgniter\CodeIgniter->handleRequest(NULL, Object(Config\Cache), false)
#7 C:\xampp\htdocs\taprojek\public\index.php(45): CodeIgniter\CodeIgniter->run()
#8 C:\xampp\htdocs\taprojek\vendor\codeigniter4\framework\system\Commands\Server\rewrite.php(34): require_once('C:\\xampp\\htdocs...')
#9 {main}
CRITICAL - 2021-03-06 00:55:57 --> Undefined variable: validation
#0 C:\xampp\htdocs\taprojek\app\Views\admin\modal\tambahDokter.php(16): CodeIgniter\Debug\Exceptions->errorHandler(8, 'Undefined varia...', 'C:\\xampp\\htdocs...', 16, Array)
#1 C:\xampp\htdocs\taprojek\vendor\codeigniter4\framework\system\View\View.php(246): include('C:\\xampp\\htdocs...')
#2 C:\xampp\htdocs\taprojek\vendor\codeigniter4\framework\system\Common.php(1119): CodeIgniter\View\View->render('admin/modal/tam...', Array, true)
#3 C:\xampp\htdocs\taprojek\app\Controllers\Admin.php(166): view('admin/modal/tam...')
#4 C:\xampp\htdocs\taprojek\vendor\codeigniter4\framework\system\CodeIgniter.php(918): App\Controllers\Admin->modalTambahDokter()
#5 C:\xampp\htdocs\taprojek\vendor\codeigniter4\framework\system\CodeIgniter.php(404): CodeIgniter\CodeIgniter->runController(Object(App\Controllers\Admin))
#6 C:\xampp\htdocs\taprojek\vendor\codeigniter4\framework\system\CodeIgniter.php(312): CodeIgniter\CodeIgniter->handleRequest(NULL, Object(Config\Cache), false)
#7 C:\xampp\htdocs\taprojek\public\index.php(45): CodeIgniter\CodeIgniter->run()
#8 C:\xampp\htdocs\taprojek\vendor\codeigniter4\framework\system\Commands\Server\rewrite.php(34): require_once('C:\\xampp\\htdocs...')
#9 {main}
CRITICAL - 2021-03-06 00:59:12 --> Undefined variable: validation
#0 C:\xampp\htdocs\taprojek\app\Views\admin\modal\tambahDokter.php(16): CodeIgniter\Debug\Exceptions->errorHandler(8, 'Undefined varia...', 'C:\\xampp\\htdocs...', 16, Array)
#1 C:\xampp\htdocs\taprojek\vendor\codeigniter4\framework\system\View\View.php(246): include('C:\\xampp\\htdocs...')
#2 C:\xampp\htdocs\taprojek\vendor\codeigniter4\framework\system\Common.php(1119): CodeIgniter\View\View->render('admin/modal/tam...', Array, true)
#3 C:\xampp\htdocs\taprojek\app\Controllers\Admin.php(166): view('admin/modal/tam...')
#4 C:\xampp\htdocs\taprojek\vendor\codeigniter4\framework\system\CodeIgniter.php(918): App\Controllers\Admin->modalTambahDokter()
#5 C:\xampp\htdocs\taprojek\vendor\codeigniter4\framework\system\CodeIgniter.php(404): CodeIgniter\CodeIgniter->runController(Object(App\Controllers\Admin))
#6 C:\xampp\htdocs\taprojek\vendor\codeigniter4\framework\system\CodeIgniter.php(312): CodeIgniter\CodeIgniter->handleRequest(NULL, Object(Config\Cache), false)
#7 C:\xampp\htdocs\taprojek\public\index.php(45): CodeIgniter\CodeIgniter->run()
#8 C:\xampp\htdocs\taprojek\vendor\codeigniter4\framework\system\Commands\Server\rewrite.php(34): require_once('C:\\xampp\\htdocs...')
#9 {main}
CRITICAL - 2021-03-06 00:59:28 --> Undefined variable: validation
#0 C:\xampp\htdocs\taprojek\app\Views\admin\modal\tambahDokter.php(16): CodeIgniter\Debug\Exceptions->errorHandler(8, 'Undefined varia...', 'C:\\xampp\\htdocs...', 16, Array)
#1 C:\xampp\htdocs\taprojek\vendor\codeigniter4\framework\system\View\View.php(246): include('C:\\xampp\\htdocs...')
#2 C:\xampp\htdocs\taprojek\vendor\codeigniter4\framework\system\Common.php(1119): CodeIgniter\View\View->render('admin/modal/tam...', Array, true)
#3 C:\xampp\htdocs\taprojek\app\Controllers\Admin.php(166): view('admin/modal/tam...')
#4 C:\xampp\htdocs\taprojek\vendor\codeigniter4\framework\system\CodeIgniter.php(918): App\Controllers\Admin->modalTambahDokter()
#5 C:\xampp\htdocs\taprojek\vendor\codeigniter4\framework\system\CodeIgniter.php(404): CodeIgniter\CodeIgniter->runController(Object(App\Controllers\Admin))
#6 C:\xampp\htdocs\taprojek\vendor\codeigniter4\framework\system\CodeIgniter.php(312): CodeIgniter\CodeIgniter->handleRequest(NULL, Object(Config\Cache), false)
#7 C:\xampp\htdocs\taprojek\public\index.php(45): CodeIgniter\CodeIgniter->run()
#8 C:\xampp\htdocs\taprojek\vendor\codeigniter4\framework\system\Commands\Server\rewrite.php(34): require_once('C:\\xampp\\htdocs...')
#9 {main}
CRITICAL - 2021-03-06 01:00:43 --> Undefined variable: validation
#0 C:\xampp\htdocs\taprojek\app\Views\admin\modal\tambahDokter.php(16): CodeIgniter\Debug\Exceptions->errorHandler(8, 'Undefined varia...', 'C:\\xampp\\htdocs...', 16, Array)
#1 C:\xampp\htdocs\taprojek\vendor\codeigniter4\framework\system\View\View.php(246): include('C:\\xampp\\htdocs...')
#2 C:\xampp\htdocs\taprojek\vendor\codeigniter4\framework\system\Common.php(1119): CodeIgniter\View\View->render('admin/modal/tam...', Array, true)
#3 C:\xampp\htdocs\taprojek\app\Controllers\Admin.php(166): view('admin/modal/tam...')
#4 C:\xampp\htdocs\taprojek\vendor\codeigniter4\framework\system\CodeIgniter.php(918): App\Controllers\Admin->modalTambahDokter()
#5 C:\xampp\htdocs\taprojek\vendor\codeigniter4\framework\system\CodeIgniter.php(404): CodeIgniter\CodeIgniter->runController(Object(App\Controllers\Admin))
#6 C:\xampp\htdocs\taprojek\vendor\codeigniter4\framework\system\CodeIgniter.php(312): CodeIgniter\CodeIgniter->handleRequest(NULL, Object(Config\Cache), false)
#7 C:\xampp\htdocs\taprojek\public\index.php(45): CodeIgniter\CodeIgniter->run()
#8 C:\xampp\htdocs\taprojek\vendor\codeigniter4\framework\system\Commands\Server\rewrite.php(34): require_once('C:\\xampp\\htdocs...')
#9 {main}
CRITICAL - 2021-03-06 02:13:01 --> Column 'SIP' cannot be null
#0 C:\xampp\htdocs\taprojek\vendor\codeigniter4\framework\system\Database\MySQLi\Connection.php(331): mysqli->query('INSERT INTO `do...')
#1 C:\xampp\htdocs\taprojek\vendor\codeigniter4\framework\system\Database\BaseConnection.php(741): CodeIgniter\Database\MySQLi\Connection->execute('INSERT INTO `do...')
#2 C:\xampp\htdocs\taprojek\vendor\codeigniter4\framework\system\Database\BaseConnection.php(669): CodeIgniter\Database\BaseConnection->simpleQuery('INSERT INTO `do...')
#3 C:\xampp\htdocs\taprojek\vendor\codeigniter4\framework\system\Database\BaseBuilder.php(2249): CodeIgniter\Database\BaseConnection->query('INSERT INTO `do...', Array, false)
#4 C:\xampp\htdocs\taprojek\vendor\codeigniter4\framework\system\Model.php(755): CodeIgniter\Database\BaseBuilder->insert()
#5 C:\xampp\htdocs\taprojek\vendor\codeigniter4\framework\system\Model.php(574): CodeIgniter\Model->insert(Array, false)
#6 C:\xampp\htdocs\taprojek\app\Controllers\Admin.php(137): CodeIgniter\Model->save(Array)
#7 C:\xampp\htdocs\taprojek\vendor\codeigniter4\framework\system\CodeIgniter.php(918): App\Controllers\Admin->tambah_dokter()
#8 C:\xampp\htdocs\taprojek\vendor\codeigniter4\framework\system\CodeIgniter.php(404): CodeIgniter\CodeIgniter->runController(Object(App\Controllers\Admin))
#9 C:\xampp\htdocs\taprojek\vendor\codeigniter4\framework\system\CodeIgniter.php(312): CodeIgniter\CodeIgniter->handleRequest(NULL, Object(Config\Cache), false)
#10 C:\xampp\htdocs\taprojek\public\index.php(45): CodeIgniter\CodeIgniter->run()
#11 C:\xampp\htdocs\taprojek\vendor\codeigniter4\framework\system\Commands\Server\rewrite.php(34): require_once('C:\\xampp\\htdocs...')
#12 {main}
CRITICAL - 2021-03-06 02:13:49 --> Column 'SIP' cannot be null
#0 C:\xampp\htdocs\taprojek\vendor\codeigniter4\framework\system\Database\MySQLi\Connection.php(331): mysqli->query('INSERT INTO `do...')
#1 C:\xampp\htdocs\taprojek\vendor\codeigniter4\framework\system\Database\BaseConnection.php(741): CodeIgniter\Database\MySQLi\Connection->execute('INSERT INTO `do...')
#2 C:\xampp\htdocs\taprojek\vendor\codeigniter4\framework\system\Database\BaseConnection.php(669): CodeIgniter\Database\BaseConnection->simpleQuery('INSERT INTO `do...')
#3 C:\xampp\htdocs\taprojek\vendor\codeigniter4\framework\system\Database\BaseBuilder.php(2249): CodeIgniter\Database\BaseConnection->query('INSERT INTO `do...', Array, false)
#4 C:\xampp\htdocs\taprojek\vendor\codeigniter4\framework\system\Model.php(755): CodeIgniter\Database\BaseBuilder->insert()
#5 C:\xampp\htdocs\taprojek\vendor\codeigniter4\framework\system\Model.php(574): CodeIgniter\Model->insert(Array, false)
#6 C:\xampp\htdocs\taprojek\app\Controllers\Admin.php(137): CodeIgniter\Model->save(Array)
#7 C:\xampp\htdocs\taprojek\vendor\codeigniter4\framework\system\CodeIgniter.php(918): App\Controllers\Admin->tambah_dokter()
#8 C:\xampp\htdocs\taprojek\vendor\codeigniter4\framework\system\CodeIgniter.php(404): CodeIgniter\CodeIgniter->runController(Object(App\Controllers\Admin))
#9 C:\xampp\htdocs\taprojek\vendor\codeigniter4\framework\system\CodeIgniter.php(312): CodeIgniter\CodeIgniter->handleRequest(NULL, Object(Config\Cache), false)
#10 C:\xampp\htdocs\taprojek\public\index.php(45): CodeIgniter\CodeIgniter->run()
#11 C:\xampp\htdocs\taprojek\vendor\codeigniter4\framework\system\Commands\Server\rewrite.php(34): require_once('C:\\xampp\\htdocs...')
#12 {main}
CRITICAL - 2021-03-06 02:14:33 --> Column 'SIP' cannot be null
#0 C:\xampp\htdocs\taprojek\vendor\codeigniter4\framework\system\Database\MySQLi\Connection.php(331): mysqli->query('INSERT INTO `do...')
#1 C:\xampp\htdocs\taprojek\vendor\codeigniter4\framework\system\Database\BaseConnection.php(741): CodeIgniter\Database\MySQLi\Connection->execute('INSERT INTO `do...')
#2 C:\xampp\htdocs\taprojek\vendor\codeigniter4\framework\system\Database\BaseConnection.php(669): CodeIgniter\Database\BaseConnection->simpleQuery('INSERT INTO `do...')
#3 C:\xampp\htdocs\taprojek\vendor\codeigniter4\framework\system\Database\BaseBuilder.php(2249): CodeIgniter\Database\BaseConnection->query('INSERT INTO `do...', Array, false)
#4 C:\xampp\htdocs\taprojek\vendor\codeigniter4\framework\system\Model.php(755): CodeIgniter\Database\BaseBuilder->insert()
#5 C:\xampp\htdocs\taprojek\vendor\codeigniter4\framework\system\Model.php(574): CodeIgniter\Model->insert(Array, false)
#6 C:\xampp\htdocs\taprojek\app\Controllers\Admin.php(137): CodeIgniter\Model->save(Array)
#7 C:\xampp\htdocs\taprojek\vendor\codeigniter4\framework\system\CodeIgniter.php(918): App\Controllers\Admin->tambah_dokter()
#8 C:\xampp\htdocs\taprojek\vendor\codeigniter4\framework\system\CodeIgniter.php(404): CodeIgniter\CodeIgniter->runController(Object(App\Controllers\Admin))
#9 C:\xampp\htdocs\taprojek\vendor\codeigniter4\framework\system\CodeIgniter.php(312): CodeIgniter\CodeIgniter->handleRequest(NULL, Object(Config\Cache), false)
#10 C:\xampp\htdocs\taprojek\public\index.php(45): CodeIgniter\CodeIgniter->run()
#11 C:\xampp\htdocs\taprojek\vendor\codeigniter4\framework\system\Commands\Server\rewrite.php(34): require_once('C:\\xampp\\htdocs...')
#12 {main}
CRITICAL - 2021-03-06 02:15:44 --> Column 'SIP' cannot be null
#0 C:\xampp\htdocs\taprojek\vendor\codeigniter4\framework\system\Database\MySQLi\Connection.php(331): mysqli->query('INSERT INTO `do...')
#1 C:\xampp\htdocs\taprojek\vendor\codeigniter4\framework\system\Database\BaseConnection.php(741): CodeIgniter\Database\MySQLi\Connection->execute('INSERT INTO `do...')
#2 C:\xampp\htdocs\taprojek\vendor\codeigniter4\framework\system\Database\BaseConnection.php(669): CodeIgniter\Database\BaseConnection->simpleQuery('INSERT INTO `do...')
#3 C:\xampp\htdocs\taprojek\vendor\codeigniter4\framework\system\Database\BaseBuilder.php(2249): CodeIgniter\Database\BaseConnection->query('INSERT INTO `do...', Array, false)
#4 C:\xampp\htdocs\taprojek\vendor\codeigniter4\framework\system\Model.php(755): CodeIgniter\Database\BaseBuilder->insert()
#5 C:\xampp\htdocs\taprojek\vendor\codeigniter4\framework\system\Model.php(574): CodeIgniter\Model->insert(Array, false)
#6 C:\xampp\htdocs\taprojek\app\Controllers\Admin.php(137): CodeIgniter\Model->save(Array)
#7 C:\xampp\htdocs\taprojek\vendor\codeigniter4\framework\system\CodeIgniter.php(918): App\Controllers\Admin->tambah_dokter()
#8 C:\xampp\htdocs\taprojek\vendor\codeigniter4\framework\system\CodeIgniter.php(404): CodeIgniter\CodeIgniter->runController(Object(App\Controllers\Admin))
#9 C:\xampp\htdocs\taprojek\vendor\codeigniter4\framework\system\CodeIgniter.php(312): CodeIgniter\CodeIgniter->handleRequest(NULL, Object(Config\Cache), false)
#10 C:\xampp\htdocs\taprojek\public\index.php(45): CodeIgniter\CodeIgniter->run()
#11 C:\xampp\htdocs\taprojek\vendor\codeigniter4\framework\system\Commands\Server\rewrite.php(34): require_once('C:\\xampp\\htdocs...')
#12 {main}
CRITICAL - 2021-03-06 02:15:50 --> Column 'SIP' cannot be null
#0 C:\xampp\htdocs\taprojek\vendor\codeigniter4\framework\system\Database\MySQLi\Connection.php(331): mysqli->query('INSERT INTO `do...')
#1 C:\xampp\htdocs\taprojek\vendor\codeigniter4\framework\system\Database\BaseConnection.php(741): CodeIgniter\Database\MySQLi\Connection->execute('INSERT INTO `do...')
#2 C:\xampp\htdocs\taprojek\vendor\codeigniter4\framework\system\Database\BaseConnection.php(669): CodeIgniter\Database\BaseConnection->simpleQuery('INSERT INTO `do...')
#3 C:\xampp\htdocs\taprojek\vendor\codeigniter4\framework\system\Database\BaseBuilder.php(2249): CodeIgniter\Database\BaseConnection->query('INSERT INTO `do...', Array, false)
#4 C:\xampp\htdocs\taprojek\vendor\codeigniter4\framework\system\Model.php(755): CodeIgniter\Database\BaseBuilder->insert()
#5 C:\xampp\htdocs\taprojek\vendor\codeigniter4\framework\system\Model.php(574): CodeIgniter\Model->insert(Array, false)
#6 C:\xampp\htdocs\taprojek\app\Controllers\Admin.php(137): CodeIgniter\Model->save(Array)
#7 C:\xampp\htdocs\taprojek\vendor\codeigniter4\framework\system\CodeIgniter.php(918): App\Controllers\Admin->tambah_dokter()
#8 C:\xampp\htdocs\taprojek\vendor\codeigniter4\framework\system\CodeIgniter.php(404): CodeIgniter\CodeIgniter->runController(Object(App\Controllers\Admin))
#9 C:\xampp\htdocs\taprojek\vendor\codeigniter4\framework\system\CodeIgniter.php(312): CodeIgniter\CodeIgniter->handleRequest(NULL, Object(Config\Cache), false)
#10 C:\xampp\htdocs\taprojek\public\index.php(45): CodeIgniter\CodeIgniter->run()
#11 C:\xampp\htdocs\taprojek\vendor\codeigniter4\framework\system\Commands\Server\rewrite.php(34): require_once('C:\\xampp\\htdocs...')
#12 {main}
CRITICAL - 2021-03-06 11:10:24 --> Deletes are not allowed unless they contain a "where" or "like" clause.
#0 C:\xampp\htdocs\taprojek\vendor\codeigniter4\framework\system\Model.php(977): CodeIgniter\Database\BaseBuilder->delete()
#1 C:\xampp\htdocs\taprojek\app\Controllers\Admin.php(215): CodeIgniter\Model->delete(NULL)
#2 C:\xampp\htdocs\taprojek\vendor\codeigniter4\framework\system\CodeIgniter.php(918): App\Controllers\Admin->hapusDokter()
#3 C:\xampp\htdocs\taprojek\vendor\codeigniter4\framework\system\CodeIgniter.php(404): CodeIgniter\CodeIgniter->runController(Object(App\Controllers\Admin))
#4 C:\xampp\htdocs\taprojek\vendor\codeigniter4\framework\system\CodeIgniter.php(312): CodeIgniter\CodeIgniter->handleRequest(NULL, Object(Config\Cache), false)
#5 C:\xampp\htdocs\taprojek\public\index.php(45): CodeIgniter\CodeIgniter->run()
#6 C:\xampp\htdocs\taprojek\vendor\codeigniter4\framework\system\Commands\Server\rewrite.php(34): require_once('C:\\xampp\\htdocs...')
#7 {main}
CRITICAL - 2021-03-06 11:25:42 --> Undefined variable: dataDokter
#0 C:\xampp\htdocs\taprojek\app\Views\admin\modal\editDokter.php(18): CodeIgniter\Debug\Exceptions->errorHandler(8, 'Undefined varia...', 'C:\\xampp\\htdocs...', 18, Array)
#1 C:\xampp\htdocs\taprojek\vendor\codeigniter4\framework\system\View\View.php(246): include('C:\\xampp\\htdocs...')
#2 C:\xampp\htdocs\taprojek\vendor\codeigniter4\framework\system\Common.php(1119): CodeIgniter\View\View->render('admin/modal/edi...', Array, true)
#3 C:\xampp\htdocs\taprojek\app\Controllers\Admin.php(374): view('admin/modal/edi...')
#4 C:\xampp\htdocs\taprojek\vendor\codeigniter4\framework\system\CodeIgniter.php(918): App\Controllers\Admin->modalEditDokter()
#5 C:\xampp\htdocs\taprojek\vendor\codeigniter4\framework\system\CodeIgniter.php(404): CodeIgniter\CodeIgniter->runController(Object(App\Controllers\Admin))
#6 C:\xampp\htdocs\taprojek\vendor\codeigniter4\framework\system\CodeIgniter.php(312): CodeIgniter\CodeIgniter->handleRequest(NULL, Object(Config\Cache), false)
#7 C:\xampp\htdocs\taprojek\public\index.php(45): CodeIgniter\CodeIgniter->run()
#8 C:\xampp\htdocs\taprojek\vendor\codeigniter4\framework\system\Commands\Server\rewrite.php(34): require_once('C:\\xampp\\htdocs...')
#9 {main}
CRITICAL - 2021-03-06 11:27:33 --> Undefined index: SIP
#0 C:\xampp\htdocs\taprojek\app\Views\admin\modal\editDokter.php(18): CodeIgniter\Debug\Exceptions->errorHandler(8, 'Undefined index...', 'C:\\xampp\\htdocs...', 18, Array)
#1 C:\xampp\htdocs\taprojek\vendor\codeigniter4\framework\system\View\View.php(246): include('C:\\xampp\\htdocs...')
#2 C:\xampp\htdocs\taprojek\vendor\codeigniter4\framework\system\Common.php(1119): CodeIgniter\View\View->render('admin/modal/edi...', Array, true)
#3 C:\xampp\htdocs\taprojek\app\Controllers\Admin.php(376): view('admin/modal/edi...', Array)
#4 C:\xampp\htdocs\taprojek\vendor\codeigniter4\framework\system\CodeIgniter.php(918): App\Controllers\Admin->modalEditDokter()
#5 C:\xampp\htdocs\taprojek\vendor\codeigniter4\framework\system\CodeIgniter.php(404): CodeIgniter\CodeIgniter->runController(Object(App\Controllers\Admin))
#6 C:\xampp\htdocs\taprojek\vendor\codeigniter4\framework\system\CodeIgniter.php(312): CodeIgniter\CodeIgniter->handleRequest(NULL, Object(Config\Cache), false)
#7 C:\xampp\htdocs\taprojek\public\index.php(45): CodeIgniter\CodeIgniter->run()
#8 C:\xampp\htdocs\taprojek\vendor\codeigniter4\framework\system\Commands\Server\rewrite.php(34): require_once('C:\\xampp\\htdocs...')
#9 {main}
CRITICAL - 2021-03-06 11:30:17 --> Undefined index: SIP
#0 C:\xampp\htdocs\taprojek\app\Controllers\Admin.php(374): CodeIgniter\Debug\Exceptions->errorHandler(8, 'Undefined index...', 'C:\\xampp\\htdocs...', 374, Array)
#1 C:\xampp\htdocs\taprojek\vendor\codeigniter4\framework\system\CodeIgniter.php(918): App\Controllers\Admin->modalEditDokter()
#2 C:\xampp\htdocs\taprojek\vendor\codeigniter4\framework\system\CodeIgniter.php(404): CodeIgniter\CodeIgniter->runController(Object(App\Controllers\Admin))
#3 C:\xampp\htdocs\taprojek\vendor\codeigniter4\framework\system\CodeIgniter.php(312): CodeIgniter\CodeIgniter->handleRequest(NULL, Object(Config\Cache), false)
#4 C:\xampp\htdocs\taprojek\public\index.php(45): CodeIgniter\CodeIgniter->run()
#5 C:\xampp\htdocs\taprojek\vendor\codeigniter4\framework\system\Commands\Server\rewrite.php(34): require_once('C:\\xampp\\htdocs...')
#6 {main}
CRITICAL - 2021-03-06 11:30:38 --> Undefined index: SIP
#0 C:\xampp\htdocs\taprojek\app\Controllers\Admin.php(374): CodeIgniter\Debug\Exceptions->errorHandler(8, 'Undefined index...', 'C:\\xampp\\htdocs...', 374, Array)
#1 C:\xampp\htdocs\taprojek\vendor\codeigniter4\framework\system\CodeIgniter.php(918): App\Controllers\Admin->modalEditDokter()
#2 C:\xampp\htdocs\taprojek\vendor\codeigniter4\framework\system\CodeIgniter.php(404): CodeIgniter\CodeIgniter->runController(Object(App\Controllers\Admin))
#3 C:\xampp\htdocs\taprojek\vendor\codeigniter4\framework\system\CodeIgniter.php(312): CodeIgniter\CodeIgniter->handleRequest(NULL, Object(Config\Cache), false)
#4 C:\xampp\htdocs\taprojek\public\index.php(45): CodeIgniter\CodeIgniter->run()
#5 C:\xampp\htdocs\taprojek\vendor\codeigniter4\framework\system\Commands\Server\rewrite.php(34): require_once('C:\\xampp\\htdocs...')
#6 {main}
CRITICAL - 2021-03-06 11:32:12 --> Undefined index: nama_dokter
#0 C:\xampp\htdocs\taprojek\app\Controllers\Admin.php(374): CodeIgniter\Debug\Exceptions->errorHandler(8, 'Undefined index...', 'C:\\xampp\\htdocs...', 374, Array)
#1 C:\xampp\htdocs\taprojek\vendor\codeigniter4\framework\system\CodeIgniter.php(918): App\Controllers\Admin->modalEditDokter()
#2 C:\xampp\htdocs\taprojek\vendor\codeigniter4\framework\system\CodeIgniter.php(404): CodeIgniter\CodeIgniter->runController(Object(App\Controllers\Admin))
#3 C:\xampp\htdocs\taprojek\vendor\codeigniter4\framework\system\CodeIgniter.php(312): CodeIgniter\CodeIgniter->handleRequest(NULL, Object(Config\Cache), false)
#4 C:\xampp\htdocs\taprojek\public\index.php(45): CodeIgniter\CodeIgniter->run()
#5 C:\xampp\htdocs\taprojek\vendor\codeigniter4\framework\system\Commands\Server\rewrite.php(34): require_once('C:\\xampp\\htdocs...')
#6 {main}
CRITICAL - 2021-03-06 11:34:13 --> Array to string conversion
#0 C:\xampp\htdocs\taprojek\app\Views\admin\modal\editDokter.php(15): CodeIgniter\Debug\Exceptions->errorHandler(8, 'Array to string...', 'C:\\xampp\\htdocs...', 15, Array)
#1 C:\xampp\htdocs\taprojek\vendor\codeigniter4\framework\system\View\View.php(246): include('C:\\xampp\\htdocs...')
#2 C:\xampp\htdocs\taprojek\vendor\codeigniter4\framework\system\Common.php(1119): CodeIgniter\View\View->render('admin/modal/edi...', Array, true)
#3 C:\xampp\htdocs\taprojek\app\Controllers\Admin.php(378): view('admin/modal/edi...', Array)
#4 C:\xampp\htdocs\taprojek\vendor\codeigniter4\framework\system\CodeIgniter.php(918): App\Controllers\Admin->modalEditDokter()
#5 C:\xampp\htdocs\taprojek\vendor\codeigniter4\framework\system\CodeIgniter.php(404): CodeIgniter\CodeIgniter->runController(Object(App\Controllers\Admin))
#6 C:\xampp\htdocs\taprojek\vendor\codeigniter4\framework\system\CodeIgniter.php(312): CodeIgniter\CodeIgniter->handleRequest(NULL, Object(Config\Cache), false)
#7 C:\xampp\htdocs\taprojek\public\index.php(45): CodeIgniter\CodeIgniter->run()
#8 C:\xampp\htdocs\taprojek\vendor\codeigniter4\framework\system\Commands\Server\rewrite.php(34): require_once('C:\\xampp\\htdocs...')
#9 {main}
CRITICAL - 2021-03-06 11:37:57 --> Undefined variable: dataDokter
#0 C:\xampp\htdocs\taprojek\app\Views\admin\modal\editDokter.php(15): CodeIgniter\Debug\Exceptions->errorHandler(8, 'Undefined varia...', 'C:\\xampp\\htdocs...', 15, Array)
#1 C:\xampp\htdocs\taprojek\vendor\codeigniter4\framework\system\View\View.php(246): include('C:\\xampp\\htdocs...')
#2 C:\xampp\htdocs\taprojek\vendor\codeigniter4\framework\system\Common.php(1119): CodeIgniter\View\View->render('admin/modal/edi...', Array, true)
#3 C:\xampp\htdocs\taprojek\app\Controllers\Admin.php(377): view('admin/modal/edi...', Array)
#4 C:\xampp\htdocs\taprojek\vendor\codeigniter4\framework\system\CodeIgniter.php(918): App\Controllers\Admin->modalEditDokter()
#5 C:\xampp\htdocs\taprojek\vendor\codeigniter4\framework\system\CodeIgniter.php(404): CodeIgniter\CodeIgniter->runController(Object(App\Controllers\Admin))
#6 C:\xampp\htdocs\taprojek\vendor\codeigniter4\framework\system\CodeIgniter.php(312): CodeIgniter\CodeIgniter->handleRequest(NULL, Object(Config\Cache), false)
#7 C:\xampp\htdocs\taprojek\public\index.php(45): CodeIgniter\CodeIgniter->run()
#8 C:\xampp\htdocs\taprojek\vendor\codeigniter4\framework\system\Commands\Server\rewrite.php(34): require_once('C:\\xampp\\htdocs...')
#9 {main}
CRITICAL - 2021-03-06 11:39:50 --> Undefined variable: dataDokter
#0 C:\xampp\htdocs\taprojek\app\Views\admin\modal\editDokter.php(15): CodeIgniter\Debug\Exceptions->errorHandler(8, 'Undefined varia...', 'C:\\xampp\\htdocs...', 15, Array)
#1 C:\xampp\htdocs\taprojek\vendor\codeigniter4\framework\system\View\View.php(246): include('C:\\xampp\\htdocs...')
#2 C:\xampp\htdocs\taprojek\vendor\codeigniter4\framework\system\Common.php(1119): CodeIgniter\View\View->render('admin/modal/edi...', Array, true)
#3 C:\xampp\htdocs\taprojek\app\Controllers\Admin.php(377): view('admin/modal/edi...', Array)
#4 C:\xampp\htdocs\taprojek\vendor\codeigniter4\framework\system\CodeIgniter.php(918): App\Controllers\Admin->modalEditDokter()
#5 C:\xampp\htdocs\taprojek\vendor\codeigniter4\framework\system\CodeIgniter.php(404): CodeIgniter\CodeIgniter->runController(Object(App\Controllers\Admin))
#6 C:\xampp\htdocs\taprojek\vendor\codeigniter4\framework\system\CodeIgniter.php(312): CodeIgniter\CodeIgniter->handleRequest(NULL, Object(Config\Cache), false)
#7 C:\xampp\htdocs\taprojek\public\index.php(45): CodeIgniter\CodeIgniter->run()
#8 C:\xampp\htdocs\taprojek\vendor\codeigniter4\framework\system\Commands\Server\rewrite.php(34): require_once('C:\\xampp\\htdocs...')
#9 {main}
