CRITICAL - 2020-09-25 00:25:34 --> Call to undefined method App\Models\ModelPasien::gettWhere
#0 C:\xampp\htdocs\taprojek\app\Controllers\Home.php(70): CodeIgniter\Model->__call('gettWhere', Array)
#1 C:\xampp\htdocs\taprojek\vendor\codeigniter4\framework\system\CodeIgniter.php(918): App\Controllers\Home->login_proses()
#2 C:\xampp\htdocs\taprojek\vendor\codeigniter4\framework\system\CodeIgniter.php(404): CodeIgniter\CodeIgniter->runController(Object(App\Controllers\Home))
#3 C:\xampp\htdocs\taprojek\vendor\codeigniter4\framework\system\CodeIgniter.php(312): CodeIgniter\CodeIgniter->handleRequest(NULL, Object(Config\Cache), false)
#4 C:\xampp\htdocs\taprojek\public\index.php(45): CodeIgniter\CodeIgniter->run()
#5 C:\xampp\htdocs\taprojek\vendor\codeigniter4\framework\system\Commands\Server\rewrite.php(34): require_once('C:\\xampp\\htdocs...')
#6 {main}
CRITICAL - 2020-09-25 00:26:43 --> Argument 2 passed to CodeIgniter\Database\BaseBuilder::getWhere() must be of the type int or null, string given, called in C:\xampp\htdocs\taprojek\vendor\codeigniter4\framework\system\Model.php on line 1818
#0 C:\xampp\htdocs\taprojek\vendor\codeigniter4\framework\system\Model.php(1818): CodeIgniter\Database\BaseBuilder->getWhere('email', 'AlifiaAM@gmail....')
#1 C:\xampp\htdocs\taprojek\app\Controllers\Home.php(70): CodeIgniter\Model->__call('getWhere', Array)
#2 C:\xampp\htdocs\taprojek\vendor\codeigniter4\framework\system\CodeIgniter.php(918): App\Controllers\Home->login_proses()
#3 C:\xampp\htdocs\taprojek\vendor\codeigniter4\framework\system\CodeIgniter.php(404): CodeIgniter\CodeIgniter->runController(Object(App\Controllers\Home))
#4 C:\xampp\htdocs\taprojek\vendor\codeigniter4\framework\system\CodeIgniter.php(312): CodeIgniter\CodeIgniter->handleRequest(NULL, Object(Config\Cache), false)
#5 C:\xampp\htdocs\taprojek\public\index.php(45): CodeIgniter\CodeIgniter->run()
#6 C:\xampp\htdocs\taprojek\vendor\codeigniter4\framework\system\Commands\Server\rewrite.php(34): require_once('C:\\xampp\\htdocs...')
#7 {main}
CRITICAL - 2020-09-25 00:29:19 --> Call to undefined method App\Models\ModelPasien::getArray
#0 C:\xampp\htdocs\taprojek\app\Controllers\Home.php(70): CodeIgniter\Model->__call('getArray', Array)
#1 C:\xampp\htdocs\taprojek\vendor\codeigniter4\framework\system\CodeIgniter.php(918): App\Controllers\Home->login_proses()
#2 C:\xampp\htdocs\taprojek\vendor\codeigniter4\framework\system\CodeIgniter.php(404): CodeIgniter\CodeIgniter->runController(Object(App\Controllers\Home))
#3 C:\xampp\htdocs\taprojek\vendor\codeigniter4\framework\system\CodeIgniter.php(312): CodeIgniter\CodeIgniter->handleRequest(NULL, Object(Config\Cache), false)
#4 C:\xampp\htdocs\taprojek\public\index.php(45): CodeIgniter\CodeIgniter->run()
#5 C:\xampp\htdocs\taprojek\vendor\codeigniter4\framework\system\Commands\Server\rewrite.php(34): require_once('C:\\xampp\\htdocs...')
#6 {main}
CRITICAL - 2020-09-25 00:33:13 --> Call to undefined method CodeIgniter\Database\MySQLi\Result::resultArray()
#0 C:\xampp\htdocs\taprojek\vendor\codeigniter4\framework\system\CodeIgniter.php(918): App\Controllers\Home->login_proses()
#1 C:\xampp\htdocs\taprojek\vendor\codeigniter4\framework\system\CodeIgniter.php(404): CodeIgniter\CodeIgniter->runController(Object(App\Controllers\Home))
#2 C:\xampp\htdocs\taprojek\vendor\codeigniter4\framework\system\CodeIgniter.php(312): CodeIgniter\CodeIgniter->handleRequest(NULL, Object(Config\Cache), false)
#3 C:\xampp\htdocs\taprojek\public\index.php(45): CodeIgniter\CodeIgniter->run()
#4 C:\xampp\htdocs\taprojek\vendor\codeigniter4\framework\system\Commands\Server\rewrite.php(34): require_once('C:\\xampp\\htdocs...')
#5 {main}
CRITICAL - 2020-09-25 00:41:51 --> Call to a member function resultArray() on array
#0 C:\xampp\htdocs\taprojek\vendor\codeigniter4\framework\system\CodeIgniter.php(918): App\Controllers\Home->login_proses()
#1 C:\xampp\htdocs\taprojek\vendor\codeigniter4\framework\system\CodeIgniter.php(404): CodeIgniter\CodeIgniter->runController(Object(App\Controllers\Home))
#2 C:\xampp\htdocs\taprojek\vendor\codeigniter4\framework\system\CodeIgniter.php(312): CodeIgniter\CodeIgniter->handleRequest(NULL, Object(Config\Cache), false)
#3 C:\xampp\htdocs\taprojek\public\index.php(45): CodeIgniter\CodeIgniter->run()
#4 C:\xampp\htdocs\taprojek\vendor\codeigniter4\framework\system\Commands\Server\rewrite.php(34): require_once('C:\\xampp\\htdocs...')
#5 {main}
CRITICAL - 2020-09-25 00:49:08 --> Call to undefined method App\Models\AntrianModel::firs
#0 C:\xampp\htdocs\taprojek\app\Controllers\Antrian.php(28): CodeIgniter\Model->__call('firs', Array)
#1 C:\xampp\htdocs\taprojek\vendor\codeigniter4\framework\system\CodeIgniter.php(918): App\Controllers\Antrian->getAntrian()
#2 C:\xampp\htdocs\taprojek\vendor\codeigniter4\framework\system\CodeIgniter.php(404): CodeIgniter\CodeIgniter->runController(Object(App\Controllers\Antrian))
#3 C:\xampp\htdocs\taprojek\vendor\codeigniter4\framework\system\CodeIgniter.php(312): CodeIgniter\CodeIgniter->handleRequest(NULL, Object(Config\Cache), false)
#4 C:\xampp\htdocs\taprojek\public\index.php(45): CodeIgniter\CodeIgniter->run()
#5 C:\xampp\htdocs\taprojek\vendor\codeigniter4\framework\system\Commands\Server\rewrite.php(34): require_once('C:\\xampp\\htdocs...')
#6 {main}
CRITICAL - 2020-09-25 00:58:39 --> syntax error, unexpected 'ordarBy' (T_STRING)
#0 C:\xampp\htdocs\taprojek\vendor\codeigniter4\framework\system\Router\Router.php(195): CodeIgniter\Router\Router->autoRoute('antrian/getAntr...')
#1 C:\xampp\htdocs\taprojek\vendor\codeigniter4\framework\system\CodeIgniter.php(793): CodeIgniter\Router\Router->handle('antrian/getAntr...')
#2 C:\xampp\htdocs\taprojek\vendor\codeigniter4\framework\system\CodeIgniter.php(364): CodeIgniter\CodeIgniter->tryToRouteIt(Object(CodeIgniter\Router\RouteCollection))
#3 C:\xampp\htdocs\taprojek\vendor\codeigniter4\framework\system\CodeIgniter.php(312): CodeIgniter\CodeIgniter->handleRequest(NULL, Object(Config\Cache), false)
#4 C:\xampp\htdocs\taprojek\public\index.php(45): CodeIgniter\CodeIgniter->run()
#5 C:\xampp\htdocs\taprojek\vendor\codeigniter4\framework\system\Commands\Server\rewrite.php(34): require_once('C:\\xampp\\htdocs...')
#6 {main}
CRITICAL - 2020-09-25 00:58:57 --> Call to a member function ordarBy() on array
#0 C:\xampp\htdocs\taprojek\vendor\codeigniter4\framework\system\CodeIgniter.php(918): App\Controllers\Antrian->getAntrian()
#1 C:\xampp\htdocs\taprojek\vendor\codeigniter4\framework\system\CodeIgniter.php(404): CodeIgniter\CodeIgniter->runController(Object(App\Controllers\Antrian))
#2 C:\xampp\htdocs\taprojek\vendor\codeigniter4\framework\system\CodeIgniter.php(312): CodeIgniter\CodeIgniter->handleRequest(NULL, Object(Config\Cache), false)
#3 C:\xampp\htdocs\taprojek\public\index.php(45): CodeIgniter\CodeIgniter->run()
#4 C:\xampp\htdocs\taprojek\vendor\codeigniter4\framework\system\Commands\Server\rewrite.php(34): require_once('C:\\xampp\\htdocs...')
#5 {main}
CRITICAL - 2020-09-25 00:59:37 --> Call to a member function ordarBy() on array
#0 C:\xampp\htdocs\taprojek\vendor\codeigniter4\framework\system\CodeIgniter.php(918): App\Controllers\Antrian->getAntrian()
#1 C:\xampp\htdocs\taprojek\vendor\codeigniter4\framework\system\CodeIgniter.php(404): CodeIgniter\CodeIgniter->runController(Object(App\Controllers\Antrian))
#2 C:\xampp\htdocs\taprojek\vendor\codeigniter4\framework\system\CodeIgniter.php(312): CodeIgniter\CodeIgniter->handleRequest(NULL, Object(Config\Cache), false)
#3 C:\xampp\htdocs\taprojek\public\index.php(45): CodeIgniter\CodeIgniter->run()
#4 C:\xampp\htdocs\taprojek\vendor\codeigniter4\framework\system\Commands\Server\rewrite.php(34): require_once('C:\\xampp\\htdocs...')
#5 {main}
CRITICAL - 2020-09-25 01:00:29 --> Call to a member function orderBy() on array
#0 C:\xampp\htdocs\taprojek\vendor\codeigniter4\framework\system\CodeIgniter.php(918): App\Controllers\Antrian->getAntrian()
#1 C:\xampp\htdocs\taprojek\vendor\codeigniter4\framework\system\CodeIgniter.php(404): CodeIgniter\CodeIgniter->runController(Object(App\Controllers\Antrian))
#2 C:\xampp\htdocs\taprojek\vendor\codeigniter4\framework\system\CodeIgniter.php(312): CodeIgniter\CodeIgniter->handleRequest(NULL, Object(Config\Cache), false)
#3 C:\xampp\htdocs\taprojek\public\index.php(45): CodeIgniter\CodeIgniter->run()
#4 C:\xampp\htdocs\taprojek\vendor\codeigniter4\framework\system\Commands\Server\rewrite.php(34): require_once('C:\\xampp\\htdocs...')
#5 {main}
CRITICAL - 2020-09-25 01:00:54 --> Call to a member function orderBy() on array
#0 C:\xampp\htdocs\taprojek\vendor\codeigniter4\framework\system\CodeIgniter.php(918): App\Controllers\Antrian->getAntrian()
#1 C:\xampp\htdocs\taprojek\vendor\codeigniter4\framework\system\CodeIgniter.php(404): CodeIgniter\CodeIgniter->runController(Object(App\Controllers\Antrian))
#2 C:\xampp\htdocs\taprojek\vendor\codeigniter4\framework\system\CodeIgniter.php(312): CodeIgniter\CodeIgniter->handleRequest(NULL, Object(Config\Cache), false)
#3 C:\xampp\htdocs\taprojek\public\index.php(45): CodeIgniter\CodeIgniter->run()
#4 C:\xampp\htdocs\taprojek\vendor\codeigniter4\framework\system\Commands\Server\rewrite.php(34): require_once('C:\\xampp\\htdocs...')
#5 {main}
CRITICAL - 2020-09-25 01:00:58 --> Call to a member function orderBy() on array
#0 C:\xampp\htdocs\taprojek\vendor\codeigniter4\framework\system\CodeIgniter.php(918): App\Controllers\Antrian->getAntrian()
#1 C:\xampp\htdocs\taprojek\vendor\codeigniter4\framework\system\CodeIgniter.php(404): CodeIgniter\CodeIgniter->runController(Object(App\Controllers\Antrian))
#2 C:\xampp\htdocs\taprojek\vendor\codeigniter4\framework\system\CodeIgniter.php(312): CodeIgniter\CodeIgniter->handleRequest(NULL, Object(Config\Cache), false)
#3 C:\xampp\htdocs\taprojek\public\index.php(45): CodeIgniter\CodeIgniter->run()
#4 C:\xampp\htdocs\taprojek\vendor\codeigniter4\framework\system\Commands\Server\rewrite.php(34): require_once('C:\\xampp\\htdocs...')
#5 {main}
CRITICAL - 2020-09-25 01:07:49 --> Call to a member function selectMax() on array
#0 C:\xampp\htdocs\taprojek\vendor\codeigniter4\framework\system\CodeIgniter.php(918): App\Controllers\Antrian->getAntrian()
#1 C:\xampp\htdocs\taprojek\vendor\codeigniter4\framework\system\CodeIgniter.php(404): CodeIgniter\CodeIgniter->runController(Object(App\Controllers\Antrian))
#2 C:\xampp\htdocs\taprojek\vendor\codeigniter4\framework\system\CodeIgniter.php(312): CodeIgniter\CodeIgniter->handleRequest(NULL, Object(Config\Cache), false)
#3 C:\xampp\htdocs\taprojek\public\index.php(45): CodeIgniter\CodeIgniter->run()
#4 C:\xampp\htdocs\taprojek\vendor\codeigniter4\framework\system\Commands\Server\rewrite.php(34): require_once('C:\\xampp\\htdocs...')
#5 {main}
CRITICAL - 2020-09-25 01:10:56 --> syntax error, unexpected ';', expecting ')'
#0 C:\xampp\htdocs\taprojek\vendor\codeigniter4\framework\system\Router\Router.php(195): CodeIgniter\Router\Router->autoRoute('antrian/getAntr...')
#1 C:\xampp\htdocs\taprojek\vendor\codeigniter4\framework\system\CodeIgniter.php(793): CodeIgniter\Router\Router->handle('antrian/getAntr...')
#2 C:\xampp\htdocs\taprojek\vendor\codeigniter4\framework\system\CodeIgniter.php(364): CodeIgniter\CodeIgniter->tryToRouteIt(Object(CodeIgniter\Router\RouteCollection))
#3 C:\xampp\htdocs\taprojek\vendor\codeigniter4\framework\system\CodeIgniter.php(312): CodeIgniter\CodeIgniter->handleRequest(NULL, Object(Config\Cache), false)
#4 C:\xampp\htdocs\taprojek\public\index.php(45): CodeIgniter\CodeIgniter->run()
#5 C:\xampp\htdocs\taprojek\vendor\codeigniter4\framework\system\Commands\Server\rewrite.php(34): require_once('C:\\xampp\\htdocs...')
#6 {main}
CRITICAL - 2020-09-25 01:17:32 --> Unknown column 'updated_at' in 'field list'
#0 C:\xampp\htdocs\taprojek\vendor\codeigniter4\framework\system\Database\MySQLi\Connection.php(331): mysqli->query('INSERT INTO `an...')
#1 C:\xampp\htdocs\taprojek\vendor\codeigniter4\framework\system\Database\BaseConnection.php(741): CodeIgniter\Database\MySQLi\Connection->execute('INSERT INTO `an...')
#2 C:\xampp\htdocs\taprojek\vendor\codeigniter4\framework\system\Database\BaseConnection.php(669): CodeIgniter\Database\BaseConnection->simpleQuery('INSERT INTO `an...')
#3 C:\xampp\htdocs\taprojek\vendor\codeigniter4\framework\system\Database\BaseBuilder.php(2249): CodeIgniter\Database\BaseConnection->query('INSERT INTO `an...', Array, false)
#4 C:\xampp\htdocs\taprojek\vendor\codeigniter4\framework\system\Model.php(755): CodeIgniter\Database\BaseBuilder->insert()
#5 C:\xampp\htdocs\taprojek\app\Controllers\Antrian.php(37): CodeIgniter\Model->insert(Array)
#6 C:\xampp\htdocs\taprojek\vendor\codeigniter4\framework\system\CodeIgniter.php(918): App\Controllers\Antrian->getAntrian()
#7 C:\xampp\htdocs\taprojek\vendor\codeigniter4\framework\system\CodeIgniter.php(404): CodeIgniter\CodeIgniter->runController(Object(App\Controllers\Antrian))
#8 C:\xampp\htdocs\taprojek\vendor\codeigniter4\framework\system\CodeIgniter.php(312): CodeIgniter\CodeIgniter->handleRequest(NULL, Object(Config\Cache), false)
#9 C:\xampp\htdocs\taprojek\public\index.php(45): CodeIgniter\CodeIgniter->run()
#10 C:\xampp\htdocs\taprojek\vendor\codeigniter4\framework\system\Commands\Server\rewrite.php(34): require_once('C:\\xampp\\htdocs...')
#11 {main}
CRITICAL - 2020-09-25 01:24:49 --> Unknown column 'updated_at' in 'field list'
#0 C:\xampp\htdocs\taprojek\vendor\codeigniter4\framework\system\Database\MySQLi\Connection.php(331): mysqli->query('INSERT INTO `an...')
#1 C:\xampp\htdocs\taprojek\vendor\codeigniter4\framework\system\Database\BaseConnection.php(741): CodeIgniter\Database\MySQLi\Connection->execute('INSERT INTO `an...')
#2 C:\xampp\htdocs\taprojek\vendor\codeigniter4\framework\system\Database\BaseConnection.php(669): CodeIgniter\Database\BaseConnection->simpleQuery('INSERT INTO `an...')
#3 C:\xampp\htdocs\taprojek\vendor\codeigniter4\framework\system\Database\BaseBuilder.php(2249): CodeIgniter\Database\BaseConnection->query('INSERT INTO `an...', Array, false)
#4 C:\xampp\htdocs\taprojek\vendor\codeigniter4\framework\system\Model.php(755): CodeIgniter\Database\BaseBuilder->insert()
#5 C:\xampp\htdocs\taprojek\app\Controllers\Antrian.php(38): CodeIgniter\Model->insert(Array)
#6 C:\xampp\htdocs\taprojek\vendor\codeigniter4\framework\system\CodeIgniter.php(918): App\Controllers\Antrian->getAntrian()
#7 C:\xampp\htdocs\taprojek\vendor\codeigniter4\framework\system\CodeIgniter.php(404): CodeIgniter\CodeIgniter->runController(Object(App\Controllers\Antrian))
#8 C:\xampp\htdocs\taprojek\vendor\codeigniter4\framework\system\CodeIgniter.php(312): CodeIgniter\CodeIgniter->handleRequest(NULL, Object(Config\Cache), false)
#9 C:\xampp\htdocs\taprojek\public\index.php(45): CodeIgniter\CodeIgniter->run()
#10 C:\xampp\htdocs\taprojek\vendor\codeigniter4\framework\system\Commands\Server\rewrite.php(34): require_once('C:\\xampp\\htdocs...')
#11 {main}
CRITICAL - 2020-09-25 01:29:11 --> Unknown column 'updated_at' in 'field list'
#0 C:\xampp\htdocs\taprojek\vendor\codeigniter4\framework\system\Database\MySQLi\Connection.php(331): mysqli->query('INSERT INTO `an...')
#1 C:\xampp\htdocs\taprojek\vendor\codeigniter4\framework\system\Database\BaseConnection.php(741): CodeIgniter\Database\MySQLi\Connection->execute('INSERT INTO `an...')
#2 C:\xampp\htdocs\taprojek\vendor\codeigniter4\framework\system\Database\BaseConnection.php(669): CodeIgniter\Database\BaseConnection->simpleQuery('INSERT INTO `an...')
#3 C:\xampp\htdocs\taprojek\vendor\codeigniter4\framework\system\Database\BaseBuilder.php(2249): CodeIgniter\Database\BaseConnection->query('INSERT INTO `an...', Array, false)
#4 C:\xampp\htdocs\taprojek\vendor\codeigniter4\framework\system\Model.php(755): CodeIgniter\Database\BaseBuilder->insert()
#5 C:\xampp\htdocs\taprojek\vendor\codeigniter4\framework\system\Model.php(574): CodeIgniter\Model->insert(Array, false)
#6 C:\xampp\htdocs\taprojek\app\Controllers\Antrian.php(37): CodeIgniter\Model->save(Array)
#7 C:\xampp\htdocs\taprojek\vendor\codeigniter4\framework\system\CodeIgniter.php(918): App\Controllers\Antrian->getAntrian()
#8 C:\xampp\htdocs\taprojek\vendor\codeigniter4\framework\system\CodeIgniter.php(404): CodeIgniter\CodeIgniter->runController(Object(App\Controllers\Antrian))
#9 C:\xampp\htdocs\taprojek\vendor\codeigniter4\framework\system\CodeIgniter.php(312): CodeIgniter\CodeIgniter->handleRequest(NULL, Object(Config\Cache), false)
#10 C:\xampp\htdocs\taprojek\public\index.php(45): CodeIgniter\CodeIgniter->run()
#11 C:\xampp\htdocs\taprojek\vendor\codeigniter4\framework\system\Commands\Server\rewrite.php(34): require_once('C:\\xampp\\htdocs...')
#12 {main}
CRITICAL - 2020-09-25 01:29:38 --> Unknown column 'updated_at' in 'field list'
#0 C:\xampp\htdocs\taprojek\vendor\codeigniter4\framework\system\Database\MySQLi\Connection.php(331): mysqli->query('INSERT INTO `an...')
#1 C:\xampp\htdocs\taprojek\vendor\codeigniter4\framework\system\Database\BaseConnection.php(741): CodeIgniter\Database\MySQLi\Connection->execute('INSERT INTO `an...')
#2 C:\xampp\htdocs\taprojek\vendor\codeigniter4\framework\system\Database\BaseConnection.php(669): CodeIgniter\Database\BaseConnection->simpleQuery('INSERT INTO `an...')
#3 C:\xampp\htdocs\taprojek\vendor\codeigniter4\framework\system\Database\BaseBuilder.php(2249): CodeIgniter\Database\BaseConnection->query('INSERT INTO `an...', Array, false)
#4 C:\xampp\htdocs\taprojek\vendor\codeigniter4\framework\system\Model.php(755): CodeIgniter\Database\BaseBuilder->insert()
#5 C:\xampp\htdocs\taprojek\vendor\codeigniter4\framework\system\Model.php(574): CodeIgniter\Model->insert(Array, false)
#6 C:\xampp\htdocs\taprojek\app\Controllers\Antrian.php(37): CodeIgniter\Model->save(Array)
#7 C:\xampp\htdocs\taprojek\vendor\codeigniter4\framework\system\CodeIgniter.php(918): App\Controllers\Antrian->getAntrian()
#8 C:\xampp\htdocs\taprojek\vendor\codeigniter4\framework\system\CodeIgniter.php(404): CodeIgniter\CodeIgniter->runController(Object(App\Controllers\Antrian))
#9 C:\xampp\htdocs\taprojek\vendor\codeigniter4\framework\system\CodeIgniter.php(312): CodeIgniter\CodeIgniter->handleRequest(NULL, Object(Config\Cache), false)
#10 C:\xampp\htdocs\taprojek\public\index.php(45): CodeIgniter\CodeIgniter->run()
#11 C:\xampp\htdocs\taprojek\vendor\codeigniter4\framework\system\Commands\Server\rewrite.php(34): require_once('C:\\xampp\\htdocs...')
#12 {main}
CRITICAL - 2020-09-25 06:48:43 --> Undefined index: no_antrian
#0 C:\xampp\htdocs\taprojek\app\Controllers\Antrian.php(32): CodeIgniter\Debug\Exceptions->errorHandler(8, 'Undefined index...', 'C:\\xampp\\htdocs...', 32, Array)
#1 C:\xampp\htdocs\taprojek\vendor\codeigniter4\framework\system\CodeIgniter.php(918): App\Controllers\Antrian->getAntrian()
#2 C:\xampp\htdocs\taprojek\vendor\codeigniter4\framework\system\CodeIgniter.php(404): CodeIgniter\CodeIgniter->runController(Object(App\Controllers\Antrian))
#3 C:\xampp\htdocs\taprojek\vendor\codeigniter4\framework\system\CodeIgniter.php(312): CodeIgniter\CodeIgniter->handleRequest(NULL, Object(Config\Cache), false)
#4 C:\xampp\htdocs\taprojek\public\index.php(45): CodeIgniter\CodeIgniter->run()
#5 C:\xampp\htdocs\taprojek\vendor\codeigniter4\framework\system\Commands\Server\rewrite.php(34): require_once('C:\\xampp\\htdocs...')
#6 {main}
CRITICAL - 2020-09-25 06:50:50 --> Array to string conversion
#0 C:\xampp\htdocs\taprojek\app\Controllers\Antrian.php(33): CodeIgniter\Debug\Exceptions->errorHandler(8, 'Array to string...', 'C:\\xampp\\htdocs...', 33, Array)
#1 C:\xampp\htdocs\taprojek\vendor\codeigniter4\framework\system\CodeIgniter.php(918): App\Controllers\Antrian->getAntrian()
#2 C:\xampp\htdocs\taprojek\vendor\codeigniter4\framework\system\CodeIgniter.php(404): CodeIgniter\CodeIgniter->runController(Object(App\Controllers\Antrian))
#3 C:\xampp\htdocs\taprojek\vendor\codeigniter4\framework\system\CodeIgniter.php(312): CodeIgniter\CodeIgniter->handleRequest(NULL, Object(Config\Cache), false)
#4 C:\xampp\htdocs\taprojek\public\index.php(45): CodeIgniter\CodeIgniter->run()
#5 C:\xampp\htdocs\taprojek\vendor\codeigniter4\framework\system\Commands\Server\rewrite.php(34): require_once('C:\\xampp\\htdocs...')
#6 {main}
CRITICAL - 2020-09-25 06:54:20 --> Call to a member function get() on array
#0 C:\xampp\htdocs\taprojek\vendor\codeigniter4\framework\system\CodeIgniter.php(918): App\Controllers\Antrian->getAntrian()
#1 C:\xampp\htdocs\taprojek\vendor\codeigniter4\framework\system\CodeIgniter.php(404): CodeIgniter\CodeIgniter->runController(Object(App\Controllers\Antrian))
#2 C:\xampp\htdocs\taprojek\vendor\codeigniter4\framework\system\CodeIgniter.php(312): CodeIgniter\CodeIgniter->handleRequest(NULL, Object(Config\Cache), false)
#3 C:\xampp\htdocs\taprojek\public\index.php(45): CodeIgniter\CodeIgniter->run()
#4 C:\xampp\htdocs\taprojek\vendor\codeigniter4\framework\system\Commands\Server\rewrite.php(34): require_once('C:\\xampp\\htdocs...')
#5 {main}
CRITICAL - 2020-09-25 06:58:53 --> Call to a member function result_array() on array
#0 C:\xampp\htdocs\taprojek\vendor\codeigniter4\framework\system\CodeIgniter.php(918): App\Controllers\Antrian->getAntrian()
#1 C:\xampp\htdocs\taprojek\vendor\codeigniter4\framework\system\CodeIgniter.php(404): CodeIgniter\CodeIgniter->runController(Object(App\Controllers\Antrian))
#2 C:\xampp\htdocs\taprojek\vendor\codeigniter4\framework\system\CodeIgniter.php(312): CodeIgniter\CodeIgniter->handleRequest(NULL, Object(Config\Cache), false)
#3 C:\xampp\htdocs\taprojek\public\index.php(45): CodeIgniter\CodeIgniter->run()
#4 C:\xampp\htdocs\taprojek\vendor\codeigniter4\framework\system\Commands\Server\rewrite.php(34): require_once('C:\\xampp\\htdocs...')
#5 {main}
CRITICAL - 2020-09-25 06:59:27 --> Call to a member function first() on array
#0 C:\xampp\htdocs\taprojek\vendor\codeigniter4\framework\system\CodeIgniter.php(918): App\Controllers\Antrian->getAntrian()
#1 C:\xampp\htdocs\taprojek\vendor\codeigniter4\framework\system\CodeIgniter.php(404): CodeIgniter\CodeIgniter->runController(Object(App\Controllers\Antrian))
#2 C:\xampp\htdocs\taprojek\vendor\codeigniter4\framework\system\CodeIgniter.php(312): CodeIgniter\CodeIgniter->handleRequest(NULL, Object(Config\Cache), false)
#3 C:\xampp\htdocs\taprojek\public\index.php(45): CodeIgniter\CodeIgniter->run()
#4 C:\xampp\htdocs\taprojek\vendor\codeigniter4\framework\system\Commands\Server\rewrite.php(34): require_once('C:\\xampp\\htdocs...')
#5 {main}
CRITICAL - 2020-09-25 07:00:01 --> Call to a member function first() on array
#0 C:\xampp\htdocs\taprojek\vendor\codeigniter4\framework\system\CodeIgniter.php(918): App\Controllers\Antrian->getAntrian()
#1 C:\xampp\htdocs\taprojek\vendor\codeigniter4\framework\system\CodeIgniter.php(404): CodeIgniter\CodeIgniter->runController(Object(App\Controllers\Antrian))
#2 C:\xampp\htdocs\taprojek\vendor\codeigniter4\framework\system\CodeIgniter.php(312): CodeIgniter\CodeIgniter->handleRequest(NULL, Object(Config\Cache), false)
#3 C:\xampp\htdocs\taprojek\public\index.php(45): CodeIgniter\CodeIgniter->run()
#4 C:\xampp\htdocs\taprojek\vendor\codeigniter4\framework\system\Commands\Server\rewrite.php(34): require_once('C:\\xampp\\htdocs...')
#5 {main}
CRITICAL - 2020-09-25 07:02:01 --> Undefined offset: 1
#0 C:\xampp\htdocs\taprojek\app\Controllers\Antrian.php(33): CodeIgniter\Debug\Exceptions->errorHandler(8, 'Undefined offse...', 'C:\\xampp\\htdocs...', 33, Array)
#1 C:\xampp\htdocs\taprojek\vendor\codeigniter4\framework\system\CodeIgniter.php(918): App\Controllers\Antrian->getAntrian()
#2 C:\xampp\htdocs\taprojek\vendor\codeigniter4\framework\system\CodeIgniter.php(404): CodeIgniter\CodeIgniter->runController(Object(App\Controllers\Antrian))
#3 C:\xampp\htdocs\taprojek\vendor\codeigniter4\framework\system\CodeIgniter.php(312): CodeIgniter\CodeIgniter->handleRequest(NULL, Object(Config\Cache), false)
#4 C:\xampp\htdocs\taprojek\public\index.php(45): CodeIgniter\CodeIgniter->run()
#5 C:\xampp\htdocs\taprojek\vendor\codeigniter4\framework\system\Commands\Server\rewrite.php(34): require_once('C:\\xampp\\htdocs...')
#6 {main}
CRITICAL - 2020-09-25 07:02:29 --> Unsupported operand types
#0 C:\xampp\htdocs\taprojek\vendor\codeigniter4\framework\system\CodeIgniter.php(918): App\Controllers\Antrian->getAntrian()
#1 C:\xampp\htdocs\taprojek\vendor\codeigniter4\framework\system\CodeIgniter.php(404): CodeIgniter\CodeIgniter->runController(Object(App\Controllers\Antrian))
#2 C:\xampp\htdocs\taprojek\vendor\codeigniter4\framework\system\CodeIgniter.php(312): CodeIgniter\CodeIgniter->handleRequest(NULL, Object(Config\Cache), false)
#3 C:\xampp\htdocs\taprojek\public\index.php(45): CodeIgniter\CodeIgniter->run()
#4 C:\xampp\htdocs\taprojek\vendor\codeigniter4\framework\system\Commands\Server\rewrite.php(34): require_once('C:\\xampp\\htdocs...')
#5 {main}
CRITICAL - 2020-09-25 07:04:08 --> Array to string conversion
#0 C:\xampp\htdocs\taprojek\app\Controllers\Antrian.php(33): CodeIgniter\Debug\Exceptions->errorHandler(8, 'Array to string...', 'C:\\xampp\\htdocs...', 33, Array)
#1 C:\xampp\htdocs\taprojek\vendor\codeigniter4\framework\system\CodeIgniter.php(918): App\Controllers\Antrian->getAntrian()
#2 C:\xampp\htdocs\taprojek\vendor\codeigniter4\framework\system\CodeIgniter.php(404): CodeIgniter\CodeIgniter->runController(Object(App\Controllers\Antrian))
#3 C:\xampp\htdocs\taprojek\vendor\codeigniter4\framework\system\CodeIgniter.php(312): CodeIgniter\CodeIgniter->handleRequest(NULL, Object(Config\Cache), false)
#4 C:\xampp\htdocs\taprojek\public\index.php(45): CodeIgniter\CodeIgniter->run()
#5 C:\xampp\htdocs\taprojek\vendor\codeigniter4\framework\system\Commands\Server\rewrite.php(34): require_once('C:\\xampp\\htdocs...')
#6 {main}
CRITICAL - 2020-09-25 07:04:54 --> Undefined offset: 1
#0 C:\xampp\htdocs\taprojek\app\Controllers\Antrian.php(33): CodeIgniter\Debug\Exceptions->errorHandler(8, 'Undefined offse...', 'C:\\xampp\\htdocs...', 33, Array)
#1 C:\xampp\htdocs\taprojek\vendor\codeigniter4\framework\system\CodeIgniter.php(918): App\Controllers\Antrian->getAntrian()
#2 C:\xampp\htdocs\taprojek\vendor\codeigniter4\framework\system\CodeIgniter.php(404): CodeIgniter\CodeIgniter->runController(Object(App\Controllers\Antrian))
#3 C:\xampp\htdocs\taprojek\vendor\codeigniter4\framework\system\CodeIgniter.php(312): CodeIgniter\CodeIgniter->handleRequest(NULL, Object(Config\Cache), false)
#4 C:\xampp\htdocs\taprojek\public\index.php(45): CodeIgniter\CodeIgniter->run()
#5 C:\xampp\htdocs\taprojek\vendor\codeigniter4\framework\system\Commands\Server\rewrite.php(34): require_once('C:\\xampp\\htdocs...')
#6 {main}
CRITICAL - 2020-09-25 07:05:17 --> Undefined offset: 0
#0 C:\xampp\htdocs\taprojek\app\Controllers\Antrian.php(33): CodeIgniter\Debug\Exceptions->errorHandler(8, 'Undefined offse...', 'C:\\xampp\\htdocs...', 33, Array)
#1 C:\xampp\htdocs\taprojek\vendor\codeigniter4\framework\system\CodeIgniter.php(918): App\Controllers\Antrian->getAntrian()
#2 C:\xampp\htdocs\taprojek\vendor\codeigniter4\framework\system\CodeIgniter.php(404): CodeIgniter\CodeIgniter->runController(Object(App\Controllers\Antrian))
#3 C:\xampp\htdocs\taprojek\vendor\codeigniter4\framework\system\CodeIgniter.php(312): CodeIgniter\CodeIgniter->handleRequest(NULL, Object(Config\Cache), false)
#4 C:\xampp\htdocs\taprojek\public\index.php(45): CodeIgniter\CodeIgniter->run()
#5 C:\xampp\htdocs\taprojek\vendor\codeigniter4\framework\system\Commands\Server\rewrite.php(34): require_once('C:\\xampp\\htdocs...')
#6 {main}
CRITICAL - 2020-09-25 07:06:24 --> Undefined offset: 0
#0 C:\xampp\htdocs\taprojek\app\Controllers\Antrian.php(32): CodeIgniter\Debug\Exceptions->errorHandler(8, 'Undefined offse...', 'C:\\xampp\\htdocs...', 32, Array)
#1 C:\xampp\htdocs\taprojek\vendor\codeigniter4\framework\system\CodeIgniter.php(918): App\Controllers\Antrian->getAntrian()
#2 C:\xampp\htdocs\taprojek\vendor\codeigniter4\framework\system\CodeIgniter.php(404): CodeIgniter\CodeIgniter->runController(Object(App\Controllers\Antrian))
#3 C:\xampp\htdocs\taprojek\vendor\codeigniter4\framework\system\CodeIgniter.php(312): CodeIgniter\CodeIgniter->handleRequest(NULL, Object(Config\Cache), false)
#4 C:\xampp\htdocs\taprojek\public\index.php(45): CodeIgniter\CodeIgniter->run()
#5 C:\xampp\htdocs\taprojek\vendor\codeigniter4\framework\system\Commands\Server\rewrite.php(34): require_once('C:\\xampp\\htdocs...')
#6 {main}
CRITICAL - 2020-09-25 07:08:31 --> Undefined index: no_antrian
#0 C:\xampp\htdocs\taprojek\app\Controllers\Antrian.php(33): CodeIgniter\Debug\Exceptions->errorHandler(8, 'Undefined index...', 'C:\\xampp\\htdocs...', 33, Array)
#1 C:\xampp\htdocs\taprojek\vendor\codeigniter4\framework\system\CodeIgniter.php(918): App\Controllers\Antrian->getAntrian()
#2 C:\xampp\htdocs\taprojek\vendor\codeigniter4\framework\system\CodeIgniter.php(404): CodeIgniter\CodeIgniter->runController(Object(App\Controllers\Antrian))
#3 C:\xampp\htdocs\taprojek\vendor\codeigniter4\framework\system\CodeIgniter.php(312): CodeIgniter\CodeIgniter->handleRequest(NULL, Object(Config\Cache), false)
#4 C:\xampp\htdocs\taprojek\public\index.php(45): CodeIgniter\CodeIgniter->run()
#5 C:\xampp\htdocs\taprojek\vendor\codeigniter4\framework\system\Commands\Server\rewrite.php(34): require_once('C:\\xampp\\htdocs...')
#6 {main}
CRITICAL - 2020-09-25 09:00:19 --> Undefined variable: antUser
#0 C:\xampp\htdocs\taprojek\app\Views\admin\antrian.php(33): CodeIgniter\Debug\Exceptions->errorHandler(8, 'Undefined varia...', 'C:\\xampp\\htdocs...', 33, Array)
#1 C:\xampp\htdocs\taprojek\vendor\codeigniter4\framework\system\View\View.php(246): include('C:\\xampp\\htdocs...')
#2 C:\xampp\htdocs\taprojek\vendor\codeigniter4\framework\system\Common.php(1119): CodeIgniter\View\View->render('admin/antrian', Array, true)
#3 C:\xampp\htdocs\taprojek\app\Controllers\Admin.php(51): view('admin/antrian', Array)
#4 C:\xampp\htdocs\taprojek\vendor\codeigniter4\framework\system\CodeIgniter.php(918): App\Controllers\Admin->antrian()
#5 C:\xampp\htdocs\taprojek\vendor\codeigniter4\framework\system\CodeIgniter.php(404): CodeIgniter\CodeIgniter->runController(Object(App\Controllers\Admin))
#6 C:\xampp\htdocs\taprojek\vendor\codeigniter4\framework\system\CodeIgniter.php(312): CodeIgniter\CodeIgniter->handleRequest(NULL, Object(Config\Cache), false)
#7 C:\xampp\htdocs\taprojek\public\index.php(45): CodeIgniter\CodeIgniter->run()
#8 C:\xampp\htdocs\taprojek\vendor\codeigniter4\framework\system\Commands\Server\rewrite.php(34): require_once('C:\\xampp\\htdocs...')
#9 {main}
CRITICAL - 2020-09-25 09:06:49 --> Undefined variable: dataPasien
#0 C:\xampp\htdocs\taprojek\app\Views\admin\antrian.php(106): CodeIgniter\Debug\Exceptions->errorHandler(8, 'Undefined varia...', 'C:\\xampp\\htdocs...', 106, Array)
#1 C:\xampp\htdocs\taprojek\vendor\codeigniter4\framework\system\View\View.php(246): include('C:\\xampp\\htdocs...')
#2 C:\xampp\htdocs\taprojek\vendor\codeigniter4\framework\system\Common.php(1119): CodeIgniter\View\View->render('admin/antrian', Array, true)
#3 C:\xampp\htdocs\taprojek\app\Controllers\Admin.php(51): view('admin/antrian', Array)
#4 C:\xampp\htdocs\taprojek\vendor\codeigniter4\framework\system\CodeIgniter.php(918): App\Controllers\Admin->antrian()
#5 C:\xampp\htdocs\taprojek\vendor\codeigniter4\framework\system\CodeIgniter.php(404): CodeIgniter\CodeIgniter->runController(Object(App\Controllers\Admin))
#6 C:\xampp\htdocs\taprojek\vendor\codeigniter4\framework\system\CodeIgniter.php(312): CodeIgniter\CodeIgniter->handleRequest(NULL, Object(Config\Cache), false)
#7 C:\xampp\htdocs\taprojek\public\index.php(45): CodeIgniter\CodeIgniter->run()
#8 C:\xampp\htdocs\taprojek\vendor\codeigniter4\framework\system\Commands\Server\rewrite.php(34): require_once('C:\\xampp\\htdocs...')
#9 {main}
CRITICAL - 2020-09-25 09:07:43 --> Invalid argument supplied for foreach()
#0 C:\xampp\htdocs\taprojek\app\Views\admin\antrian.php(106): CodeIgniter\Debug\Exceptions->errorHandler(2, 'Invalid argumen...', 'C:\\xampp\\htdocs...', 106, Array)
#1 C:\xampp\htdocs\taprojek\vendor\codeigniter4\framework\system\View\View.php(246): include('C:\\xampp\\htdocs...')
#2 C:\xampp\htdocs\taprojek\vendor\codeigniter4\framework\system\Common.php(1119): CodeIgniter\View\View->render('admin/antrian', Array, true)
#3 C:\xampp\htdocs\taprojek\app\Controllers\Admin.php(51): view('admin/antrian', Array)
#4 C:\xampp\htdocs\taprojek\vendor\codeigniter4\framework\system\CodeIgniter.php(918): App\Controllers\Admin->antrian()
#5 C:\xampp\htdocs\taprojek\vendor\codeigniter4\framework\system\CodeIgniter.php(404): CodeIgniter\CodeIgniter->runController(Object(App\Controllers\Admin))
#6 C:\xampp\htdocs\taprojek\vendor\codeigniter4\framework\system\CodeIgniter.php(312): CodeIgniter\CodeIgniter->handleRequest(NULL, Object(Config\Cache), false)
#7 C:\xampp\htdocs\taprojek\public\index.php(45): CodeIgniter\CodeIgniter->run()
#8 C:\xampp\htdocs\taprojek\vendor\codeigniter4\framework\system\Commands\Server\rewrite.php(34): require_once('C:\\xampp\\htdocs...')
#9 {main}
CRITICAL - 2020-09-25 09:30:22 --> Trying to access array offset on value of type null
#0 C:\xampp\htdocs\taprojek\app\Views\halaman\home.php(89): CodeIgniter\Debug\Exceptions->errorHandler(8, 'Trying to acces...', 'C:\\xampp\\htdocs...', 89, Array)
#1 C:\xampp\htdocs\taprojek\vendor\codeigniter4\framework\system\View\View.php(246): include('C:\\xampp\\htdocs...')
#2 C:\xampp\htdocs\taprojek\vendor\codeigniter4\framework\system\Common.php(1119): CodeIgniter\View\View->render('halaman/home', Array, true)
#3 C:\xampp\htdocs\taprojek\app\Controllers\Home.php(30): view('halaman/home', Array)
#4 C:\xampp\htdocs\taprojek\vendor\codeigniter4\framework\system\CodeIgniter.php(918): App\Controllers\Home->index()
#5 C:\xampp\htdocs\taprojek\vendor\codeigniter4\framework\system\CodeIgniter.php(404): CodeIgniter\CodeIgniter->runController(Object(App\Controllers\Home))
#6 C:\xampp\htdocs\taprojek\vendor\codeigniter4\framework\system\CodeIgniter.php(312): CodeIgniter\CodeIgniter->handleRequest(NULL, Object(Config\Cache), false)
#7 C:\xampp\htdocs\taprojek\public\index.php(45): CodeIgniter\CodeIgniter->run()
#8 C:\xampp\htdocs\taprojek\vendor\codeigniter4\framework\system\Commands\Server\rewrite.php(34): require_once('C:\\xampp\\htdocs...')
#9 {main}
CRITICAL - 2020-09-25 09:31:32 --> Trying to access array offset on value of type null
#0 C:\xampp\htdocs\taprojek\app\Views\halaman\home.php(107): CodeIgniter\Debug\Exceptions->errorHandler(8, 'Trying to acces...', 'C:\\xampp\\htdocs...', 107, Array)
#1 C:\xampp\htdocs\taprojek\vendor\codeigniter4\framework\system\View\View.php(246): include('C:\\xampp\\htdocs...')
#2 C:\xampp\htdocs\taprojek\vendor\codeigniter4\framework\system\Common.php(1119): CodeIgniter\View\View->render('halaman/home', Array, true)
#3 C:\xampp\htdocs\taprojek\app\Controllers\Home.php(30): view('halaman/home', Array)
#4 C:\xampp\htdocs\taprojek\vendor\codeigniter4\framework\system\CodeIgniter.php(918): App\Controllers\Home->index()
#5 C:\xampp\htdocs\taprojek\vendor\codeigniter4\framework\system\CodeIgniter.php(404): CodeIgniter\CodeIgniter->runController(Object(App\Controllers\Home))
#6 C:\xampp\htdocs\taprojek\vendor\codeigniter4\framework\system\CodeIgniter.php(312): CodeIgniter\CodeIgniter->handleRequest(NULL, Object(Config\Cache), false)
#7 C:\xampp\htdocs\taprojek\public\index.php(45): CodeIgniter\CodeIgniter->run()
#8 C:\xampp\htdocs\taprojek\vendor\codeigniter4\framework\system\Commands\Server\rewrite.php(34): require_once('C:\\xampp\\htdocs...')
#9 {main}
CRITICAL - 2020-09-25 20:44:59 --> Array to string conversion
#0 C:\xampp\htdocs\taprojek\app\Views\admin\antrian.php(61): CodeIgniter\Debug\Exceptions->errorHandler(8, 'Array to string...', 'C:\\xampp\\htdocs...', 61, Array)
#1 C:\xampp\htdocs\taprojek\vendor\codeigniter4\framework\system\View\View.php(246): include('C:\\xampp\\htdocs...')
#2 C:\xampp\htdocs\taprojek\vendor\codeigniter4\framework\system\Common.php(1119): CodeIgniter\View\View->render('admin/antrian', Array, true)
#3 C:\xampp\htdocs\taprojek\app\Controllers\Admin.php(53): view('admin/antrian', Array)
#4 C:\xampp\htdocs\taprojek\vendor\codeigniter4\framework\system\CodeIgniter.php(918): App\Controllers\Admin->antrian()
#5 C:\xampp\htdocs\taprojek\vendor\codeigniter4\framework\system\CodeIgniter.php(404): CodeIgniter\CodeIgniter->runController(Object(App\Controllers\Admin))
#6 C:\xampp\htdocs\taprojek\vendor\codeigniter4\framework\system\CodeIgniter.php(312): CodeIgniter\CodeIgniter->handleRequest(NULL, Object(Config\Cache), false)
#7 C:\xampp\htdocs\taprojek\public\index.php(45): CodeIgniter\CodeIgniter->run()
#8 C:\xampp\htdocs\taprojek\vendor\codeigniter4\framework\system\Commands\Server\rewrite.php(34): require_once('C:\\xampp\\htdocs...')
#9 {main}
CRITICAL - 2020-09-25 20:56:23 --> Undefined index: id
#0 C:\xampp\htdocs\taprojek\app\Views\admin\antrian.php(20): CodeIgniter\Debug\Exceptions->errorHandler(8, 'Undefined index...', 'C:\\xampp\\htdocs...', 20, Array)
#1 C:\xampp\htdocs\taprojek\vendor\codeigniter4\framework\system\View\View.php(246): include('C:\\xampp\\htdocs...')
#2 C:\xampp\htdocs\taprojek\vendor\codeigniter4\framework\system\Common.php(1119): CodeIgniter\View\View->render('admin/antrian', Array, true)
#3 C:\xampp\htdocs\taprojek\app\Controllers\Admin.php(53): view('admin/antrian', Array)
#4 C:\xampp\htdocs\taprojek\vendor\codeigniter4\framework\system\CodeIgniter.php(918): App\Controllers\Admin->antrian()
#5 C:\xampp\htdocs\taprojek\vendor\codeigniter4\framework\system\CodeIgniter.php(404): CodeIgniter\CodeIgniter->runController(Object(App\Controllers\Admin))
#6 C:\xampp\htdocs\taprojek\vendor\codeigniter4\framework\system\CodeIgniter.php(312): CodeIgniter\CodeIgniter->handleRequest(NULL, Object(Config\Cache), false)
#7 C:\xampp\htdocs\taprojek\public\index.php(45): CodeIgniter\CodeIgniter->run()
#8 C:\xampp\htdocs\taprojek\vendor\codeigniter4\framework\system\Commands\Server\rewrite.php(34): require_once('C:\\xampp\\htdocs...')
#9 {main}
CRITICAL - 2020-09-25 20:59:39 --> Undefined index: nik
#0 C:\xampp\htdocs\taprojek\app\Views\admin\antrian.php(20): CodeIgniter\Debug\Exceptions->errorHandler(8, 'Undefined index...', 'C:\\xampp\\htdocs...', 20, Array)
#1 C:\xampp\htdocs\taprojek\vendor\codeigniter4\framework\system\View\View.php(246): include('C:\\xampp\\htdocs...')
#2 C:\xampp\htdocs\taprojek\vendor\codeigniter4\framework\system\Common.php(1119): CodeIgniter\View\View->render('admin/antrian', Array, true)
#3 C:\xampp\htdocs\taprojek\app\Controllers\Admin.php(53): view('admin/antrian', Array)
#4 C:\xampp\htdocs\taprojek\vendor\codeigniter4\framework\system\CodeIgniter.php(918): App\Controllers\Admin->antrian()
#5 C:\xampp\htdocs\taprojek\vendor\codeigniter4\framework\system\CodeIgniter.php(404): CodeIgniter\CodeIgniter->runController(Object(App\Controllers\Admin))
#6 C:\xampp\htdocs\taprojek\vendor\codeigniter4\framework\system\CodeIgniter.php(312): CodeIgniter\CodeIgniter->handleRequest(NULL, Object(Config\Cache), false)
#7 C:\xampp\htdocs\taprojek\public\index.php(45): CodeIgniter\CodeIgniter->run()
#8 C:\xampp\htdocs\taprojek\vendor\codeigniter4\framework\system\Commands\Server\rewrite.php(34): require_once('C:\\xampp\\htdocs...')
#9 {main}
CRITICAL - 2020-09-25 20:59:44 --> Undefined index: nik
#0 C:\xampp\htdocs\taprojek\app\Views\admin\antrian.php(20): CodeIgniter\Debug\Exceptions->errorHandler(8, 'Undefined index...', 'C:\\xampp\\htdocs...', 20, Array)
#1 C:\xampp\htdocs\taprojek\vendor\codeigniter4\framework\system\View\View.php(246): include('C:\\xampp\\htdocs...')
#2 C:\xampp\htdocs\taprojek\vendor\codeigniter4\framework\system\Common.php(1119): CodeIgniter\View\View->render('admin/antrian', Array, true)
#3 C:\xampp\htdocs\taprojek\app\Controllers\Admin.php(53): view('admin/antrian', Array)
#4 C:\xampp\htdocs\taprojek\vendor\codeigniter4\framework\system\CodeIgniter.php(918): App\Controllers\Admin->antrian()
#5 C:\xampp\htdocs\taprojek\vendor\codeigniter4\framework\system\CodeIgniter.php(404): CodeIgniter\CodeIgniter->runController(Object(App\Controllers\Admin))
#6 C:\xampp\htdocs\taprojek\vendor\codeigniter4\framework\system\CodeIgniter.php(312): CodeIgniter\CodeIgniter->handleRequest(NULL, Object(Config\Cache), false)
#7 C:\xampp\htdocs\taprojek\public\index.php(45): CodeIgniter\CodeIgniter->run()
#8 C:\xampp\htdocs\taprojek\vendor\codeigniter4\framework\system\Commands\Server\rewrite.php(34): require_once('C:\\xampp\\htdocs...')
#9 {main}
CRITICAL - 2020-09-25 20:59:47 --> Undefined index: nik
#0 C:\xampp\htdocs\taprojek\app\Views\admin\antrian.php(20): CodeIgniter\Debug\Exceptions->errorHandler(8, 'Undefined index...', 'C:\\xampp\\htdocs...', 20, Array)
#1 C:\xampp\htdocs\taprojek\vendor\codeigniter4\framework\system\View\View.php(246): include('C:\\xampp\\htdocs...')
#2 C:\xampp\htdocs\taprojek\vendor\codeigniter4\framework\system\Common.php(1119): CodeIgniter\View\View->render('admin/antrian', Array, true)
#3 C:\xampp\htdocs\taprojek\app\Controllers\Admin.php(53): view('admin/antrian', Array)
#4 C:\xampp\htdocs\taprojek\vendor\codeigniter4\framework\system\CodeIgniter.php(918): App\Controllers\Admin->antrian()
#5 C:\xampp\htdocs\taprojek\vendor\codeigniter4\framework\system\CodeIgniter.php(404): CodeIgniter\CodeIgniter->runController(Object(App\Controllers\Admin))
#6 C:\xampp\htdocs\taprojek\vendor\codeigniter4\framework\system\CodeIgniter.php(312): CodeIgniter\CodeIgniter->handleRequest(NULL, Object(Config\Cache), false)
#7 C:\xampp\htdocs\taprojek\public\index.php(45): CodeIgniter\CodeIgniter->run()
#8 C:\xampp\htdocs\taprojek\vendor\codeigniter4\framework\system\Commands\Server\rewrite.php(34): require_once('C:\\xampp\\htdocs...')
#9 {main}
CRITICAL - 2020-09-25 21:15:15 --> Undefined offset: 0
#0 C:\xampp\htdocs\taprojek\app\Controllers\Admin.php(47): CodeIgniter\Debug\Exceptions->errorHandler(8, 'Undefined offse...', 'C:\\xampp\\htdocs...', 47, Array)
#1 C:\xampp\htdocs\taprojek\vendor\codeigniter4\framework\system\CodeIgniter.php(918): App\Controllers\Admin->antrian()
#2 C:\xampp\htdocs\taprojek\vendor\codeigniter4\framework\system\CodeIgniter.php(404): CodeIgniter\CodeIgniter->runController(Object(App\Controllers\Admin))
#3 C:\xampp\htdocs\taprojek\vendor\codeigniter4\framework\system\CodeIgniter.php(312): CodeIgniter\CodeIgniter->handleRequest(NULL, Object(Config\Cache), false)
#4 C:\xampp\htdocs\taprojek\public\index.php(45): CodeIgniter\CodeIgniter->run()
#5 C:\xampp\htdocs\taprojek\vendor\codeigniter4\framework\system\Commands\Server\rewrite.php(34): require_once('C:\\xampp\\htdocs...')
#6 {main}
CRITICAL - 2020-09-25 21:30:07 --> Trying to access array offset on value of type null
#0 C:\xampp\htdocs\taprojek\app\Views\admin\antrian.php(20): CodeIgniter\Debug\Exceptions->errorHandler(8, 'Trying to acces...', 'C:\\xampp\\htdocs...', 20, Array)
#1 C:\xampp\htdocs\taprojek\vendor\codeigniter4\framework\system\View\View.php(246): include('C:\\xampp\\htdocs...')
#2 C:\xampp\htdocs\taprojek\vendor\codeigniter4\framework\system\Common.php(1119): CodeIgniter\View\View->render('admin/antrian', Array, true)
#3 C:\xampp\htdocs\taprojek\app\Controllers\Admin.php(57): view('admin/antrian', Array)
#4 C:\xampp\htdocs\taprojek\vendor\codeigniter4\framework\system\CodeIgniter.php(918): App\Controllers\Admin->antrian()
#5 C:\xampp\htdocs\taprojek\vendor\codeigniter4\framework\system\CodeIgniter.php(404): CodeIgniter\CodeIgniter->runController(Object(App\Controllers\Admin))
#6 C:\xampp\htdocs\taprojek\vendor\codeigniter4\framework\system\CodeIgniter.php(312): CodeIgniter\CodeIgniter->handleRequest(NULL, Object(Config\Cache), false)
#7 C:\xampp\htdocs\taprojek\public\index.php(45): CodeIgniter\CodeIgniter->run()
#8 C:\xampp\htdocs\taprojek\vendor\codeigniter4\framework\system\Commands\Server\rewrite.php(34): require_once('C:\\xampp\\htdocs...')
#9 {main}
CRITICAL - 2020-09-25 21:37:21 --> Trying to access array offset on value of type null
#0 C:\xampp\htdocs\taprojek\app\Views\admin\antrian.php(20): CodeIgniter\Debug\Exceptions->errorHandler(8, 'Trying to acces...', 'C:\\xampp\\htdocs...', 20, Array)
#1 C:\xampp\htdocs\taprojek\vendor\codeigniter4\framework\system\View\View.php(246): include('C:\\xampp\\htdocs...')
#2 C:\xampp\htdocs\taprojek\vendor\codeigniter4\framework\system\Common.php(1119): CodeIgniter\View\View->render('admin/antrian', Array, true)
#3 C:\xampp\htdocs\taprojek\app\Controllers\Admin.php(57): view('admin/antrian', Array)
#4 C:\xampp\htdocs\taprojek\vendor\codeigniter4\framework\system\CodeIgniter.php(918): App\Controllers\Admin->antrian()
#5 C:\xampp\htdocs\taprojek\vendor\codeigniter4\framework\system\CodeIgniter.php(404): CodeIgniter\CodeIgniter->runController(Object(App\Controllers\Admin))
#6 C:\xampp\htdocs\taprojek\vendor\codeigniter4\framework\system\CodeIgniter.php(312): CodeIgniter\CodeIgniter->handleRequest(NULL, Object(Config\Cache), false)
#7 C:\xampp\htdocs\taprojek\public\index.php(45): CodeIgniter\CodeIgniter->run()
#8 C:\xampp\htdocs\taprojek\vendor\codeigniter4\framework\system\Commands\Server\rewrite.php(34): require_once('C:\\xampp\\htdocs...')
#9 {main}
CRITICAL - 2020-09-25 21:42:32 --> Call to a member function hasError() on null
#0 C:\xampp\htdocs\taprojek\vendor\codeigniter4\framework\system\View\View.php(246): include()
#1 C:\xampp\htdocs\taprojek\vendor\codeigniter4\framework\system\Common.php(1119): CodeIgniter\View\View->render('admin/antrian', Array, true)
#2 C:\xampp\htdocs\taprojek\app\Controllers\Admin.php(57): view('admin/antrian', Array)
#3 C:\xampp\htdocs\taprojek\vendor\codeigniter4\framework\system\CodeIgniter.php(918): App\Controllers\Admin->antrian()
#4 C:\xampp\htdocs\taprojek\vendor\codeigniter4\framework\system\CodeIgniter.php(404): CodeIgniter\CodeIgniter->runController(Object(App\Controllers\Admin))
#5 C:\xampp\htdocs\taprojek\vendor\codeigniter4\framework\system\CodeIgniter.php(312): CodeIgniter\CodeIgniter->handleRequest(NULL, Object(Config\Cache), false)
#6 C:\xampp\htdocs\taprojek\public\index.php(45): CodeIgniter\CodeIgniter->run()
#7 C:\xampp\htdocs\taprojek\vendor\codeigniter4\framework\system\Commands\Server\rewrite.php(34): require_once('C:\\xampp\\htdocs...')
#8 {main}
CRITICAL - 2020-09-25 21:43:22 --> Function name must be a string
#0 C:\xampp\htdocs\taprojek\vendor\codeigniter4\framework\system\View\View.php(246): include()
#1 C:\xampp\htdocs\taprojek\vendor\codeigniter4\framework\system\Common.php(1119): CodeIgniter\View\View->render('admin/antrian', Array, true)
#2 C:\xampp\htdocs\taprojek\app\Controllers\Admin.php(57): view('admin/antrian', Array)
#3 C:\xampp\htdocs\taprojek\vendor\codeigniter4\framework\system\CodeIgniter.php(918): App\Controllers\Admin->antrian()
#4 C:\xampp\htdocs\taprojek\vendor\codeigniter4\framework\system\CodeIgniter.php(404): CodeIgniter\CodeIgniter->runController(Object(App\Controllers\Admin))
#5 C:\xampp\htdocs\taprojek\vendor\codeigniter4\framework\system\CodeIgniter.php(312): CodeIgniter\CodeIgniter->handleRequest(NULL, Object(Config\Cache), false)
#6 C:\xampp\htdocs\taprojek\public\index.php(45): CodeIgniter\CodeIgniter->run()
#7 C:\xampp\htdocs\taprojek\vendor\codeigniter4\framework\system\Commands\Server\rewrite.php(34): require_once('C:\\xampp\\htdocs...')
#8 {main}
CRITICAL - 2020-09-25 21:44:21 --> Illegal string offset 'id_antrian'
#0 C:\xampp\htdocs\taprojek\app\Views\admin\antrian.php(20): CodeIgniter\Debug\Exceptions->errorHandler(2, 'Illegal string ...', 'C:\\xampp\\htdocs...', 20, Array)
#1 C:\xampp\htdocs\taprojek\vendor\codeigniter4\framework\system\View\View.php(246): include('C:\\xampp\\htdocs...')
#2 C:\xampp\htdocs\taprojek\vendor\codeigniter4\framework\system\Common.php(1119): CodeIgniter\View\View->render('admin/antrian', Array, true)
#3 C:\xampp\htdocs\taprojek\app\Controllers\Admin.php(57): view('admin/antrian', Array)
#4 C:\xampp\htdocs\taprojek\vendor\codeigniter4\framework\system\CodeIgniter.php(918): App\Controllers\Admin->antrian()
#5 C:\xampp\htdocs\taprojek\vendor\codeigniter4\framework\system\CodeIgniter.php(404): CodeIgniter\CodeIgniter->runController(Object(App\Controllers\Admin))
#6 C:\xampp\htdocs\taprojek\vendor\codeigniter4\framework\system\CodeIgniter.php(312): CodeIgniter\CodeIgniter->handleRequest(NULL, Object(Config\Cache), false)
#7 C:\xampp\htdocs\taprojek\public\index.php(45): CodeIgniter\CodeIgniter->run()
#8 C:\xampp\htdocs\taprojek\vendor\codeigniter4\framework\system\Commands\Server\rewrite.php(34): require_once('C:\\xampp\\htdocs...')
#9 {main}
CRITICAL - 2020-09-25 21:45:24 --> Illegal string offset 'id_antrian'
#0 C:\xampp\htdocs\taprojek\app\Views\admin\antrian.php(20): CodeIgniter\Debug\Exceptions->errorHandler(2, 'Illegal string ...', 'C:\\xampp\\htdocs...', 20, Array)
#1 C:\xampp\htdocs\taprojek\vendor\codeigniter4\framework\system\View\View.php(246): include('C:\\xampp\\htdocs...')
#2 C:\xampp\htdocs\taprojek\vendor\codeigniter4\framework\system\Common.php(1119): CodeIgniter\View\View->render('admin/antrian', Array, true)
#3 C:\xampp\htdocs\taprojek\app\Controllers\Admin.php(57): view('admin/antrian', Array)
#4 C:\xampp\htdocs\taprojek\vendor\codeigniter4\framework\system\CodeIgniter.php(918): App\Controllers\Admin->antrian()
#5 C:\xampp\htdocs\taprojek\vendor\codeigniter4\framework\system\CodeIgniter.php(404): CodeIgniter\CodeIgniter->runController(Object(App\Controllers\Admin))
#6 C:\xampp\htdocs\taprojek\vendor\codeigniter4\framework\system\CodeIgniter.php(312): CodeIgniter\CodeIgniter->handleRequest(NULL, Object(Config\Cache), false)
#7 C:\xampp\htdocs\taprojek\public\index.php(45): CodeIgniter\CodeIgniter->run()
#8 C:\xampp\htdocs\taprojek\vendor\codeigniter4\framework\system\Commands\Server\rewrite.php(34): require_once('C:\\xampp\\htdocs...')
#9 {main}
CRITICAL - 2020-09-25 21:45:29 --> Illegal string offset 'id_antrian'
#0 C:\xampp\htdocs\taprojek\app\Views\admin\antrian.php(20): CodeIgniter\Debug\Exceptions->errorHandler(2, 'Illegal string ...', 'C:\\xampp\\htdocs...', 20, Array)
#1 C:\xampp\htdocs\taprojek\vendor\codeigniter4\framework\system\View\View.php(246): include('C:\\xampp\\htdocs...')
#2 C:\xampp\htdocs\taprojek\vendor\codeigniter4\framework\system\Common.php(1119): CodeIgniter\View\View->render('admin/antrian', Array, true)
#3 C:\xampp\htdocs\taprojek\app\Controllers\Admin.php(57): view('admin/antrian', Array)
#4 C:\xampp\htdocs\taprojek\vendor\codeigniter4\framework\system\CodeIgniter.php(918): App\Controllers\Admin->antrian()
#5 C:\xampp\htdocs\taprojek\vendor\codeigniter4\framework\system\CodeIgniter.php(404): CodeIgniter\CodeIgniter->runController(Object(App\Controllers\Admin))
#6 C:\xampp\htdocs\taprojek\vendor\codeigniter4\framework\system\CodeIgniter.php(312): CodeIgniter\CodeIgniter->handleRequest(NULL, Object(Config\Cache), false)
#7 C:\xampp\htdocs\taprojek\public\index.php(45): CodeIgniter\CodeIgniter->run()
#8 C:\xampp\htdocs\taprojek\vendor\codeigniter4\framework\system\Commands\Server\rewrite.php(34): require_once('C:\\xampp\\htdocs...')
#9 {main}
CRITICAL - 2020-09-25 21:45:39 --> Illegal string offset 'id_antrian'
#0 C:\xampp\htdocs\taprojek\app\Views\admin\antrian.php(20): CodeIgniter\Debug\Exceptions->errorHandler(2, 'Illegal string ...', 'C:\\xampp\\htdocs...', 20, Array)
#1 C:\xampp\htdocs\taprojek\vendor\codeigniter4\framework\system\View\View.php(246): include('C:\\xampp\\htdocs...')
#2 C:\xampp\htdocs\taprojek\vendor\codeigniter4\framework\system\Common.php(1119): CodeIgniter\View\View->render('admin/antrian', Array, true)
#3 C:\xampp\htdocs\taprojek\app\Controllers\Admin.php(57): view('admin/antrian', Array)
#4 C:\xampp\htdocs\taprojek\vendor\codeigniter4\framework\system\CodeIgniter.php(918): App\Controllers\Admin->antrian()
#5 C:\xampp\htdocs\taprojek\vendor\codeigniter4\framework\system\CodeIgniter.php(404): CodeIgniter\CodeIgniter->runController(Object(App\Controllers\Admin))
#6 C:\xampp\htdocs\taprojek\vendor\codeigniter4\framework\system\CodeIgniter.php(312): CodeIgniter\CodeIgniter->handleRequest(NULL, Object(Config\Cache), false)
#7 C:\xampp\htdocs\taprojek\public\index.php(45): CodeIgniter\CodeIgniter->run()
#8 C:\xampp\htdocs\taprojek\vendor\codeigniter4\framework\system\Commands\Server\rewrite.php(34): require_once('C:\\xampp\\htdocs...')
#9 {main}
CRITICAL - 2020-09-25 21:48:02 --> Trying to access array offset on value of type null
#0 C:\xampp\htdocs\taprojek\app\Views\admin\antrian.php(21): CodeIgniter\Debug\Exceptions->errorHandler(8, 'Trying to acces...', 'C:\\xampp\\htdocs...', 21, Array)
#1 C:\xampp\htdocs\taprojek\vendor\codeigniter4\framework\system\View\View.php(246): include('C:\\xampp\\htdocs...')
#2 C:\xampp\htdocs\taprojek\vendor\codeigniter4\framework\system\Common.php(1119): CodeIgniter\View\View->render('admin/antrian', Array, true)
#3 C:\xampp\htdocs\taprojek\app\Controllers\Admin.php(57): view('admin/antrian', Array)
#4 C:\xampp\htdocs\taprojek\vendor\codeigniter4\framework\system\CodeIgniter.php(918): App\Controllers\Admin->antrian()
#5 C:\xampp\htdocs\taprojek\vendor\codeigniter4\framework\system\CodeIgniter.php(404): CodeIgniter\CodeIgniter->runController(Object(App\Controllers\Admin))
#6 C:\xampp\htdocs\taprojek\vendor\codeigniter4\framework\system\CodeIgniter.php(312): CodeIgniter\CodeIgniter->handleRequest(NULL, Object(Config\Cache), false)
#7 C:\xampp\htdocs\taprojek\public\index.php(45): CodeIgniter\CodeIgniter->run()
#8 C:\xampp\htdocs\taprojek\vendor\codeigniter4\framework\system\Commands\Server\rewrite.php(34): require_once('C:\\xampp\\htdocs...')
#9 {main}
CRITICAL - 2020-09-25 21:49:06 --> Trying to access array offset on value of type null
#0 C:\xampp\htdocs\taprojek\app\Views\admin\antrian.php(73): CodeIgniter\Debug\Exceptions->errorHandler(8, 'Trying to acces...', 'C:\\xampp\\htdocs...', 73, Array)
#1 C:\xampp\htdocs\taprojek\vendor\codeigniter4\framework\system\View\View.php(246): include('C:\\xampp\\htdocs...')
#2 C:\xampp\htdocs\taprojek\vendor\codeigniter4\framework\system\Common.php(1119): CodeIgniter\View\View->render('admin/antrian', Array, true)
#3 C:\xampp\htdocs\taprojek\app\Controllers\Admin.php(57): view('admin/antrian', Array)
#4 C:\xampp\htdocs\taprojek\vendor\codeigniter4\framework\system\CodeIgniter.php(918): App\Controllers\Admin->antrian()
#5 C:\xampp\htdocs\taprojek\vendor\codeigniter4\framework\system\CodeIgniter.php(404): CodeIgniter\CodeIgniter->runController(Object(App\Controllers\Admin))
#6 C:\xampp\htdocs\taprojek\vendor\codeigniter4\framework\system\CodeIgniter.php(312): CodeIgniter\CodeIgniter->handleRequest(NULL, Object(Config\Cache), false)
#7 C:\xampp\htdocs\taprojek\public\index.php(45): CodeIgniter\CodeIgniter->run()
#8 C:\xampp\htdocs\taprojek\vendor\codeigniter4\framework\system\Commands\Server\rewrite.php(34): require_once('C:\\xampp\\htdocs...')
#9 {main}
