CRITICAL - 2021-03-07 20:32:36 --> Unable to connect to the database.
#0 C:\xampp\htdocs\taprojek\vendor\codeigniter4\framework\system\Database\Database.php(109): CodeIgniter\Database\BaseConnection->initialize()
#1 C:\xampp\htdocs\taprojek\vendor\codeigniter4\framework\system\Database\Config.php(148): CodeIgniter\Database\Database->loadForge(Object(CodeIgniter\Database\SQLite3\Connection))
#2 C:\xampp\htdocs\taprojek\vendor\codeigniter4\framework\system\Database\Migration.php(78): CodeIgniter\Database\Config::forge('tests')
#3 C:\xampp\htdocs\taprojek\vendor\codeigniter4\framework\system\Database\MigrationRunner.php(1026): CodeIgniter\Database\Migration->__construct()
#4 C:\xampp\htdocs\taprojek\vendor\codeigniter4\framework\system\Database\MigrationRunner.php(223): CodeIgniter\Database\MigrationRunner->migrate('up', Object(stdClass))
#5 C:\xampp\htdocs\taprojek\vendor\codeigniter4\framework\system\Commands\Database\Migrate.php(128): CodeIgniter\Database\MigrationRunner->latest(NULL)
#6 C:\xampp\htdocs\taprojek\vendor\codeigniter4\framework\system\CLI\Commands.php(100): CodeIgniter\Commands\Database\Migrate->run(Array)
#7 C:\xampp\htdocs\taprojek\vendor\codeigniter4\framework\system\CLI\BaseCommand.php(155): CodeIgniter\CLI\Commands->run('migrate', Array)
#8 C:\xampp\htdocs\taprojek\vendor\codeigniter4\framework\system\Commands\Database\MigrateRefresh.php(124): CodeIgniter\CLI\BaseCommand->call('migrate')
#9 C:\xampp\htdocs\taprojek\vendor\codeigniter4\framework\system\CLI\Commands.php(100): CodeIgniter\Commands\Database\MigrateRefresh->run(Array)
#10 C:\xampp\htdocs\taprojek\vendor\codeigniter4\framework\system\CLI\CommandRunner.php(107): CodeIgniter\CLI\Commands->run('migrate:refresh', Array)
#11 C:\xampp\htdocs\taprojek\vendor\codeigniter4\framework\system\CLI\CommandRunner.php(85): CodeIgniter\CLI\CommandRunner->index(Array)
#12 C:\xampp\htdocs\taprojek\vendor\codeigniter4\framework\system\CodeIgniter.php(914): CodeIgniter\CLI\CommandRunner->_remap('index', 'migrate:refresh')
#13 C:\xampp\htdocs\taprojek\vendor\codeigniter4\framework\system\CodeIgniter.php(404): CodeIgniter\CodeIgniter->runController(Object(CodeIgniter\CLI\CommandRunner))
#14 C:\xampp\htdocs\taprojek\vendor\codeigniter4\framework\system\CodeIgniter.php(312): CodeIgniter\CodeIgniter->handleRequest(NULL, Object(Config\Cache), false)
#15 C:\xampp\htdocs\taprojek\vendor\codeigniter4\framework\system\CLI\Console.php(86): CodeIgniter\CodeIgniter->run()
#16 C:\xampp\htdocs\taprojek\spark(57): CodeIgniter\CLI\Console->run()
#17 {main}
CRITICAL - 2021-03-07 20:33:21 --> Unable to connect to the database.
#0 C:\xampp\htdocs\taprojek\vendor\codeigniter4\framework\system\Database\Database.php(109): CodeIgniter\Database\BaseConnection->initialize()
#1 C:\xampp\htdocs\taprojek\vendor\codeigniter4\framework\system\Database\Config.php(148): CodeIgniter\Database\Database->loadForge(Object(CodeIgniter\Database\SQLite3\Connection))
#2 C:\xampp\htdocs\taprojek\vendor\codeigniter4\framework\system\Database\Migration.php(78): CodeIgniter\Database\Config::forge('tests')
#3 C:\xampp\htdocs\taprojek\vendor\codeigniter4\framework\system\Database\MigrationRunner.php(1026): CodeIgniter\Database\Migration->__construct()
#4 C:\xampp\htdocs\taprojek\vendor\codeigniter4\framework\system\Database\MigrationRunner.php(223): CodeIgniter\Database\MigrationRunner->migrate('up', Object(stdClass))
#5 C:\xampp\htdocs\taprojek\vendor\codeigniter4\framework\system\Commands\Database\Migrate.php(128): CodeIgniter\Database\MigrationRunner->latest(NULL)
#6 C:\xampp\htdocs\taprojek\vendor\codeigniter4\framework\system\CLI\Commands.php(100): CodeIgniter\Commands\Database\Migrate->run(Array)
#7 C:\xampp\htdocs\taprojek\vendor\codeigniter4\framework\system\CLI\BaseCommand.php(155): CodeIgniter\CLI\Commands->run('migrate', Array)
#8 C:\xampp\htdocs\taprojek\vendor\codeigniter4\framework\system\Commands\Database\MigrateRefresh.php(124): CodeIgniter\CLI\BaseCommand->call('migrate')
#9 C:\xampp\htdocs\taprojek\vendor\codeigniter4\framework\system\CLI\Commands.php(100): CodeIgniter\Commands\Database\MigrateRefresh->run(Array)
#10 C:\xampp\htdocs\taprojek\vendor\codeigniter4\framework\system\CLI\CommandRunner.php(107): CodeIgniter\CLI\Commands->run('migrate:refresh', Array)
#11 C:\xampp\htdocs\taprojek\vendor\codeigniter4\framework\system\CLI\CommandRunner.php(85): CodeIgniter\CLI\CommandRunner->index(Array)
#12 C:\xampp\htdocs\taprojek\vendor\codeigniter4\framework\system\CodeIgniter.php(914): CodeIgniter\CLI\CommandRunner->_remap('index', 'migrate:refresh')
#13 C:\xampp\htdocs\taprojek\vendor\codeigniter4\framework\system\CodeIgniter.php(404): CodeIgniter\CodeIgniter->runController(Object(CodeIgniter\CLI\CommandRunner))
#14 C:\xampp\htdocs\taprojek\vendor\codeigniter4\framework\system\CodeIgniter.php(312): CodeIgniter\CodeIgniter->handleRequest(NULL, Object(Config\Cache), false)
#15 C:\xampp\htdocs\taprojek\vendor\codeigniter4\framework\system\CLI\Console.php(86): CodeIgniter\CodeIgniter->run()
#16 C:\xampp\htdocs\taprojek\spark(57): CodeIgniter\CLI\Console->run()
#17 {main}
CRITICAL - 2021-03-07 20:48:58 --> Unknown column 'id_antrian' in 'where clause'
#0 C:\xampp\htdocs\taprojek\vendor\codeigniter4\framework\system\Database\MySQLi\Connection.php(331): mysqli->query('UPDATE `antrian...')
#1 C:\xampp\htdocs\taprojek\vendor\codeigniter4\framework\system\Database\BaseConnection.php(741): CodeIgniter\Database\MySQLi\Connection->execute('UPDATE `antrian...')
#2 C:\xampp\htdocs\taprojek\vendor\codeigniter4\framework\system\Database\BaseConnection.php(669): CodeIgniter\Database\BaseConnection->simpleQuery('UPDATE `antrian...')
#3 C:\xampp\htdocs\taprojek\vendor\codeigniter4\framework\system\Database\BaseBuilder.php(2456): CodeIgniter\Database\BaseConnection->query('UPDATE `antrian...', Array, false)
#4 C:\xampp\htdocs\taprojek\vendor\codeigniter4\framework\system\Model.php(889): CodeIgniter\Database\BaseBuilder->update()
#5 C:\xampp\htdocs\taprojek\app\Controllers\Antrian.php(90): CodeIgniter\Model->update()
#6 C:\xampp\htdocs\taprojek\vendor\codeigniter4\framework\system\CodeIgniter.php(918): App\Controllers\Antrian->nextAntrian()
#7 C:\xampp\htdocs\taprojek\vendor\codeigniter4\framework\system\CodeIgniter.php(404): CodeIgniter\CodeIgniter->runController(Object(App\Controllers\Antrian))
#8 C:\xampp\htdocs\taprojek\vendor\codeigniter4\framework\system\CodeIgniter.php(312): CodeIgniter\CodeIgniter->handleRequest(NULL, Object(Config\Cache), false)
#9 C:\xampp\htdocs\taprojek\public\index.php(45): CodeIgniter\CodeIgniter->run()
#10 C:\xampp\htdocs\taprojek\vendor\codeigniter4\framework\system\Commands\Server\rewrite.php(34): require_once('C:\\xampp\\htdocs...')
#11 {main}
CRITICAL - 2021-03-07 20:51:27 --> Unable to connect to the database.
#0 C:\xampp\htdocs\taprojek\vendor\codeigniter4\framework\system\Database\Database.php(109): CodeIgniter\Database\BaseConnection->initialize()
#1 C:\xampp\htdocs\taprojek\vendor\codeigniter4\framework\system\Database\Config.php(148): CodeIgniter\Database\Database->loadForge(Object(CodeIgniter\Database\SQLite3\Connection))
#2 C:\xampp\htdocs\taprojek\vendor\codeigniter4\framework\system\Database\Migration.php(78): CodeIgniter\Database\Config::forge('tests')
#3 C:\xampp\htdocs\taprojek\vendor\codeigniter4\framework\system\Database\MigrationRunner.php(1026): CodeIgniter\Database\Migration->__construct()
#4 C:\xampp\htdocs\taprojek\vendor\codeigniter4\framework\system\Database\MigrationRunner.php(223): CodeIgniter\Database\MigrationRunner->migrate('up', Object(stdClass))
#5 C:\xampp\htdocs\taprojek\vendor\codeigniter4\framework\system\Commands\Database\Migrate.php(128): CodeIgniter\Database\MigrationRunner->latest(NULL)
#6 C:\xampp\htdocs\taprojek\vendor\codeigniter4\framework\system\CLI\Commands.php(100): CodeIgniter\Commands\Database\Migrate->run(Array)
#7 C:\xampp\htdocs\taprojek\vendor\codeigniter4\framework\system\CLI\BaseCommand.php(155): CodeIgniter\CLI\Commands->run('migrate', Array)
#8 C:\xampp\htdocs\taprojek\vendor\codeigniter4\framework\system\Commands\Database\MigrateRefresh.php(124): CodeIgniter\CLI\BaseCommand->call('migrate')
#9 C:\xampp\htdocs\taprojek\vendor\codeigniter4\framework\system\CLI\Commands.php(100): CodeIgniter\Commands\Database\MigrateRefresh->run(Array)
#10 C:\xampp\htdocs\taprojek\vendor\codeigniter4\framework\system\CLI\CommandRunner.php(107): CodeIgniter\CLI\Commands->run('migrate:refresh', Array)
#11 C:\xampp\htdocs\taprojek\vendor\codeigniter4\framework\system\CLI\CommandRunner.php(85): CodeIgniter\CLI\CommandRunner->index(Array)
#12 C:\xampp\htdocs\taprojek\vendor\codeigniter4\framework\system\CodeIgniter.php(914): CodeIgniter\CLI\CommandRunner->_remap('index', 'migrate:refresh')
#13 C:\xampp\htdocs\taprojek\vendor\codeigniter4\framework\system\CodeIgniter.php(404): CodeIgniter\CodeIgniter->runController(Object(CodeIgniter\CLI\CommandRunner))
#14 C:\xampp\htdocs\taprojek\vendor\codeigniter4\framework\system\CodeIgniter.php(312): CodeIgniter\CodeIgniter->handleRequest(NULL, Object(Config\Cache), false)
#15 C:\xampp\htdocs\taprojek\vendor\codeigniter4\framework\system\CLI\Console.php(86): CodeIgniter\CodeIgniter->run()
#16 C:\xampp\htdocs\taprojek\spark(57): CodeIgniter\CLI\Console->run()
#17 {main}
CRITICAL - 2021-03-07 20:52:14 --> Unable to connect to the database.
#0 C:\xampp\htdocs\taprojek\vendor\codeigniter4\framework\system\Database\Database.php(109): CodeIgniter\Database\BaseConnection->initialize()
#1 C:\xampp\htdocs\taprojek\vendor\codeigniter4\framework\system\Database\Config.php(148): CodeIgniter\Database\Database->loadForge(Object(CodeIgniter\Database\SQLite3\Connection))
#2 C:\xampp\htdocs\taprojek\vendor\codeigniter4\framework\system\Database\Migration.php(78): CodeIgniter\Database\Config::forge('tests')
#3 C:\xampp\htdocs\taprojek\vendor\codeigniter4\framework\system\Database\MigrationRunner.php(1026): CodeIgniter\Database\Migration->__construct()
#4 C:\xampp\htdocs\taprojek\vendor\codeigniter4\framework\system\Database\MigrationRunner.php(223): CodeIgniter\Database\MigrationRunner->migrate('up', Object(stdClass))
#5 C:\xampp\htdocs\taprojek\vendor\codeigniter4\framework\system\Commands\Database\Migrate.php(128): CodeIgniter\Database\MigrationRunner->latest(NULL)
#6 C:\xampp\htdocs\taprojek\vendor\codeigniter4\framework\system\CLI\Commands.php(100): CodeIgniter\Commands\Database\Migrate->run(Array)
#7 C:\xampp\htdocs\taprojek\vendor\codeigniter4\framework\system\CLI\BaseCommand.php(155): CodeIgniter\CLI\Commands->run('migrate', Array)
#8 C:\xampp\htdocs\taprojek\vendor\codeigniter4\framework\system\Commands\Database\MigrateRefresh.php(124): CodeIgniter\CLI\BaseCommand->call('migrate')
#9 C:\xampp\htdocs\taprojek\vendor\codeigniter4\framework\system\CLI\Commands.php(100): CodeIgniter\Commands\Database\MigrateRefresh->run(Array)
#10 C:\xampp\htdocs\taprojek\vendor\codeigniter4\framework\system\CLI\CommandRunner.php(107): CodeIgniter\CLI\Commands->run('migrate:refresh', Array)
#11 C:\xampp\htdocs\taprojek\vendor\codeigniter4\framework\system\CLI\CommandRunner.php(85): CodeIgniter\CLI\CommandRunner->index(Array)
#12 C:\xampp\htdocs\taprojek\vendor\codeigniter4\framework\system\CodeIgniter.php(914): CodeIgniter\CLI\CommandRunner->_remap('index', 'migrate:refresh')
#13 C:\xampp\htdocs\taprojek\vendor\codeigniter4\framework\system\CodeIgniter.php(404): CodeIgniter\CodeIgniter->runController(Object(CodeIgniter\CLI\CommandRunner))
#14 C:\xampp\htdocs\taprojek\vendor\codeigniter4\framework\system\CodeIgniter.php(312): CodeIgniter\CodeIgniter->handleRequest(NULL, Object(Config\Cache), false)
#15 C:\xampp\htdocs\taprojek\vendor\codeigniter4\framework\system\CLI\Console.php(86): CodeIgniter\CodeIgniter->run()
#16 C:\xampp\htdocs\taprojek\spark(57): CodeIgniter\CLI\Console->run()
#17 {main}
CRITICAL - 2021-03-07 21:33:47 --> Unable to connect to the database.
#0 C:\xampp\htdocs\taprojek\vendor\codeigniter4\framework\system\Database\Database.php(109): CodeIgniter\Database\BaseConnection->initialize()
#1 C:\xampp\htdocs\taprojek\vendor\codeigniter4\framework\system\Database\Config.php(148): CodeIgniter\Database\Database->loadForge(Object(CodeIgniter\Database\SQLite3\Connection))
#2 C:\xampp\htdocs\taprojek\vendor\codeigniter4\framework\system\Database\Migration.php(78): CodeIgniter\Database\Config::forge('tests')
#3 C:\xampp\htdocs\taprojek\vendor\codeigniter4\framework\system\Database\MigrationRunner.php(1026): CodeIgniter\Database\Migration->__construct()
#4 C:\xampp\htdocs\taprojek\vendor\codeigniter4\framework\system\Database\MigrationRunner.php(223): CodeIgniter\Database\MigrationRunner->migrate('up', Object(stdClass))
#5 C:\xampp\htdocs\taprojek\vendor\codeigniter4\framework\system\Commands\Database\Migrate.php(128): CodeIgniter\Database\MigrationRunner->latest(NULL)
#6 C:\xampp\htdocs\taprojek\vendor\codeigniter4\framework\system\CLI\Commands.php(100): CodeIgniter\Commands\Database\Migrate->run(Array)
#7 C:\xampp\htdocs\taprojek\vendor\codeigniter4\framework\system\CLI\BaseCommand.php(155): CodeIgniter\CLI\Commands->run('migrate', Array)
#8 C:\xampp\htdocs\taprojek\vendor\codeigniter4\framework\system\Commands\Database\MigrateRefresh.php(124): CodeIgniter\CLI\BaseCommand->call('migrate')
#9 C:\xampp\htdocs\taprojek\vendor\codeigniter4\framework\system\CLI\Commands.php(100): CodeIgniter\Commands\Database\MigrateRefresh->run(Array)
#10 C:\xampp\htdocs\taprojek\vendor\codeigniter4\framework\system\CLI\CommandRunner.php(107): CodeIgniter\CLI\Commands->run('migrate:refresh', Array)
#11 C:\xampp\htdocs\taprojek\vendor\codeigniter4\framework\system\CLI\CommandRunner.php(85): CodeIgniter\CLI\CommandRunner->index(Array)
#12 C:\xampp\htdocs\taprojek\vendor\codeigniter4\framework\system\CodeIgniter.php(914): CodeIgniter\CLI\CommandRunner->_remap('index', 'migrate:refresh', 'antrian')
#13 C:\xampp\htdocs\taprojek\vendor\codeigniter4\framework\system\CodeIgniter.php(404): CodeIgniter\CodeIgniter->runController(Object(CodeIgniter\CLI\CommandRunner))
#14 C:\xampp\htdocs\taprojek\vendor\codeigniter4\framework\system\CodeIgniter.php(312): CodeIgniter\CodeIgniter->handleRequest(NULL, Object(Config\Cache), false)
#15 C:\xampp\htdocs\taprojek\vendor\codeigniter4\framework\system\CLI\Console.php(86): CodeIgniter\CodeIgniter->run()
#16 C:\xampp\htdocs\taprojek\spark(57): CodeIgniter\CLI\Console->run()
#17 {main}
CRITICAL - 2021-03-07 21:34:57 --> Unable to connect to the database.
#0 C:\xampp\htdocs\taprojek\vendor\codeigniter4\framework\system\Database\Database.php(109): CodeIgniter\Database\BaseConnection->initialize()
#1 C:\xampp\htdocs\taprojek\vendor\codeigniter4\framework\system\Database\Config.php(148): CodeIgniter\Database\Database->loadForge(Object(CodeIgniter\Database\SQLite3\Connection))
#2 C:\xampp\htdocs\taprojek\vendor\codeigniter4\framework\system\Database\Migration.php(78): CodeIgniter\Database\Config::forge('tests')
#3 C:\xampp\htdocs\taprojek\vendor\codeigniter4\framework\system\Database\MigrationRunner.php(1026): CodeIgniter\Database\Migration->__construct()
#4 C:\xampp\htdocs\taprojek\vendor\codeigniter4\framework\system\Database\MigrationRunner.php(223): CodeIgniter\Database\MigrationRunner->migrate('up', Object(stdClass))
#5 C:\xampp\htdocs\taprojek\vendor\codeigniter4\framework\system\Commands\Database\Migrate.php(128): CodeIgniter\Database\MigrationRunner->latest(NULL)
#6 C:\xampp\htdocs\taprojek\vendor\codeigniter4\framework\system\CLI\Commands.php(100): CodeIgniter\Commands\Database\Migrate->run(Array)
#7 C:\xampp\htdocs\taprojek\vendor\codeigniter4\framework\system\CLI\BaseCommand.php(155): CodeIgniter\CLI\Commands->run('migrate', Array)
#8 C:\xampp\htdocs\taprojek\vendor\codeigniter4\framework\system\Commands\Database\MigrateRefresh.php(124): CodeIgniter\CLI\BaseCommand->call('migrate')
#9 C:\xampp\htdocs\taprojek\vendor\codeigniter4\framework\system\CLI\Commands.php(100): CodeIgniter\Commands\Database\MigrateRefresh->run(Array)
#10 C:\xampp\htdocs\taprojek\vendor\codeigniter4\framework\system\CLI\CommandRunner.php(107): CodeIgniter\CLI\Commands->run('migrate:refresh', Array)
#11 C:\xampp\htdocs\taprojek\vendor\codeigniter4\framework\system\CLI\CommandRunner.php(85): CodeIgniter\CLI\CommandRunner->index(Array)
#12 C:\xampp\htdocs\taprojek\vendor\codeigniter4\framework\system\CodeIgniter.php(914): CodeIgniter\CLI\CommandRunner->_remap('index', 'migrate:refresh')
#13 C:\xampp\htdocs\taprojek\vendor\codeigniter4\framework\system\CodeIgniter.php(404): CodeIgniter\CodeIgniter->runController(Object(CodeIgniter\CLI\CommandRunner))
#14 C:\xampp\htdocs\taprojek\vendor\codeigniter4\framework\system\CodeIgniter.php(312): CodeIgniter\CodeIgniter->handleRequest(NULL, Object(Config\Cache), false)
#15 C:\xampp\htdocs\taprojek\vendor\codeigniter4\framework\system\CLI\Console.php(86): CodeIgniter\CodeIgniter->run()
#16 C:\xampp\htdocs\taprojek\spark(57): CodeIgniter\CLI\Console->run()
#17 {main}
CRITICAL - 2021-03-07 21:37:03 --> Unable to connect to the database.
#0 C:\xampp\htdocs\taprojek\vendor\codeigniter4\framework\system\Database\Database.php(109): CodeIgniter\Database\BaseConnection->initialize()
#1 C:\xampp\htdocs\taprojek\vendor\codeigniter4\framework\system\Database\Config.php(148): CodeIgniter\Database\Database->loadForge(Object(CodeIgniter\Database\SQLite3\Connection))
#2 C:\xampp\htdocs\taprojek\vendor\codeigniter4\framework\system\Database\Migration.php(78): CodeIgniter\Database\Config::forge('tests')
#3 C:\xampp\htdocs\taprojek\vendor\codeigniter4\framework\system\Database\MigrationRunner.php(1026): CodeIgniter\Database\Migration->__construct()
#4 C:\xampp\htdocs\taprojek\vendor\codeigniter4\framework\system\Database\MigrationRunner.php(223): CodeIgniter\Database\MigrationRunner->migrate('up', Object(stdClass))
#5 C:\xampp\htdocs\taprojek\vendor\codeigniter4\framework\system\Commands\Database\Migrate.php(128): CodeIgniter\Database\MigrationRunner->latest(NULL)
#6 C:\xampp\htdocs\taprojek\vendor\codeigniter4\framework\system\CLI\Commands.php(100): CodeIgniter\Commands\Database\Migrate->run(Array)
#7 C:\xampp\htdocs\taprojek\vendor\codeigniter4\framework\system\CLI\BaseCommand.php(155): CodeIgniter\CLI\Commands->run('migrate', Array)
#8 C:\xampp\htdocs\taprojek\vendor\codeigniter4\framework\system\Commands\Database\MigrateRefresh.php(124): CodeIgniter\CLI\BaseCommand->call('migrate')
#9 C:\xampp\htdocs\taprojek\vendor\codeigniter4\framework\system\CLI\Commands.php(100): CodeIgniter\Commands\Database\MigrateRefresh->run(Array)
#10 C:\xampp\htdocs\taprojek\vendor\codeigniter4\framework\system\CLI\CommandRunner.php(107): CodeIgniter\CLI\Commands->run('migrate:refresh', Array)
#11 C:\xampp\htdocs\taprojek\vendor\codeigniter4\framework\system\CLI\CommandRunner.php(85): CodeIgniter\CLI\CommandRunner->index(Array)
#12 C:\xampp\htdocs\taprojek\vendor\codeigniter4\framework\system\CodeIgniter.php(914): CodeIgniter\CLI\CommandRunner->_remap('index', 'migrate:refresh')
#13 C:\xampp\htdocs\taprojek\vendor\codeigniter4\framework\system\CodeIgniter.php(404): CodeIgniter\CodeIgniter->runController(Object(CodeIgniter\CLI\CommandRunner))
#14 C:\xampp\htdocs\taprojek\vendor\codeigniter4\framework\system\CodeIgniter.php(312): CodeIgniter\CodeIgniter->handleRequest(NULL, Object(Config\Cache), false)
#15 C:\xampp\htdocs\taprojek\vendor\codeigniter4\framework\system\CLI\Console.php(86): CodeIgniter\CodeIgniter->run()
#16 C:\xampp\htdocs\taprojek\spark(57): CodeIgniter\CLI\Console->run()
#17 {main}
CRITICAL - 2021-03-07 21:38:26 --> Unable to connect to the database.
#0 C:\xampp\htdocs\taprojek\vendor\codeigniter4\framework\system\Database\Database.php(109): CodeIgniter\Database\BaseConnection->initialize()
#1 C:\xampp\htdocs\taprojek\vendor\codeigniter4\framework\system\Database\Config.php(148): CodeIgniter\Database\Database->loadForge(Object(CodeIgniter\Database\SQLite3\Connection))
#2 C:\xampp\htdocs\taprojek\vendor\codeigniter4\framework\system\Database\Migration.php(78): CodeIgniter\Database\Config::forge('tests')
#3 C:\xampp\htdocs\taprojek\vendor\codeigniter4\framework\system\Database\MigrationRunner.php(1026): CodeIgniter\Database\Migration->__construct()
#4 C:\xampp\htdocs\taprojek\vendor\codeigniter4\framework\system\Database\MigrationRunner.php(223): CodeIgniter\Database\MigrationRunner->migrate('up', Object(stdClass))
#5 C:\xampp\htdocs\taprojek\vendor\codeigniter4\framework\system\Commands\Database\Migrate.php(128): CodeIgniter\Database\MigrationRunner->latest(NULL)
#6 C:\xampp\htdocs\taprojek\vendor\codeigniter4\framework\system\CLI\Commands.php(100): CodeIgniter\Commands\Database\Migrate->run(Array)
#7 C:\xampp\htdocs\taprojek\vendor\codeigniter4\framework\system\CLI\BaseCommand.php(155): CodeIgniter\CLI\Commands->run('migrate', Array)
#8 C:\xampp\htdocs\taprojek\vendor\codeigniter4\framework\system\Commands\Database\MigrateRefresh.php(124): CodeIgniter\CLI\BaseCommand->call('migrate')
#9 C:\xampp\htdocs\taprojek\vendor\codeigniter4\framework\system\CLI\Commands.php(100): CodeIgniter\Commands\Database\MigrateRefresh->run(Array)
#10 C:\xampp\htdocs\taprojek\vendor\codeigniter4\framework\system\CLI\CommandRunner.php(107): CodeIgniter\CLI\Commands->run('migrate:refresh', Array)
#11 C:\xampp\htdocs\taprojek\vendor\codeigniter4\framework\system\CLI\CommandRunner.php(85): CodeIgniter\CLI\CommandRunner->index(Array)
#12 C:\xampp\htdocs\taprojek\vendor\codeigniter4\framework\system\CodeIgniter.php(914): CodeIgniter\CLI\CommandRunner->_remap('index', 'migrate:refresh')
#13 C:\xampp\htdocs\taprojek\vendor\codeigniter4\framework\system\CodeIgniter.php(404): CodeIgniter\CodeIgniter->runController(Object(CodeIgniter\CLI\CommandRunner))
#14 C:\xampp\htdocs\taprojek\vendor\codeigniter4\framework\system\CodeIgniter.php(312): CodeIgniter\CodeIgniter->handleRequest(NULL, Object(Config\Cache), false)
#15 C:\xampp\htdocs\taprojek\vendor\codeigniter4\framework\system\CLI\Console.php(86): CodeIgniter\CodeIgniter->run()
#16 C:\xampp\htdocs\taprojek\spark(57): CodeIgniter\CLI\Console->run()
#17 {main}
CRITICAL - 2021-03-07 21:41:03 --> Unable to connect to the database.
#0 C:\xampp\htdocs\taprojek\vendor\codeigniter4\framework\system\Database\Database.php(109): CodeIgniter\Database\BaseConnection->initialize()
#1 C:\xampp\htdocs\taprojek\vendor\codeigniter4\framework\system\Database\Config.php(148): CodeIgniter\Database\Database->loadForge(Object(CodeIgniter\Database\SQLite3\Connection))
#2 C:\xampp\htdocs\taprojek\vendor\codeigniter4\framework\system\Database\Migration.php(78): CodeIgniter\Database\Config::forge('tests')
#3 C:\xampp\htdocs\taprojek\vendor\codeigniter4\framework\system\Database\MigrationRunner.php(1026): CodeIgniter\Database\Migration->__construct()
#4 C:\xampp\htdocs\taprojek\vendor\codeigniter4\framework\system\Database\MigrationRunner.php(223): CodeIgniter\Database\MigrationRunner->migrate('up', Object(stdClass))
#5 C:\xampp\htdocs\taprojek\vendor\codeigniter4\framework\system\Commands\Database\Migrate.php(128): CodeIgniter\Database\MigrationRunner->latest(NULL)
#6 C:\xampp\htdocs\taprojek\vendor\codeigniter4\framework\system\CLI\Commands.php(100): CodeIgniter\Commands\Database\Migrate->run(Array)
#7 C:\xampp\htdocs\taprojek\vendor\codeigniter4\framework\system\CLI\BaseCommand.php(155): CodeIgniter\CLI\Commands->run('migrate', Array)
#8 C:\xampp\htdocs\taprojek\vendor\codeigniter4\framework\system\Commands\Database\MigrateRefresh.php(124): CodeIgniter\CLI\BaseCommand->call('migrate')
#9 C:\xampp\htdocs\taprojek\vendor\codeigniter4\framework\system\CLI\Commands.php(100): CodeIgniter\Commands\Database\MigrateRefresh->run(Array)
#10 C:\xampp\htdocs\taprojek\vendor\codeigniter4\framework\system\CLI\CommandRunner.php(107): CodeIgniter\CLI\Commands->run('migrate:refresh', Array)
#11 C:\xampp\htdocs\taprojek\vendor\codeigniter4\framework\system\CLI\CommandRunner.php(85): CodeIgniter\CLI\CommandRunner->index(Array)
#12 C:\xampp\htdocs\taprojek\vendor\codeigniter4\framework\system\CodeIgniter.php(914): CodeIgniter\CLI\CommandRunner->_remap('index', 'migrate:refresh')
#13 C:\xampp\htdocs\taprojek\vendor\codeigniter4\framework\system\CodeIgniter.php(404): CodeIgniter\CodeIgniter->runController(Object(CodeIgniter\CLI\CommandRunner))
#14 C:\xampp\htdocs\taprojek\vendor\codeigniter4\framework\system\CodeIgniter.php(312): CodeIgniter\CodeIgniter->handleRequest(NULL, Object(Config\Cache), false)
#15 C:\xampp\htdocs\taprojek\vendor\codeigniter4\framework\system\CLI\Console.php(86): CodeIgniter\CodeIgniter->run()
#16 C:\xampp\htdocs\taprojek\spark(57): CodeIgniter\CLI\Console->run()
#17 {main}
CRITICAL - 2021-03-07 21:41:15 --> Unable to connect to the database.
#0 C:\xampp\htdocs\taprojek\vendor\codeigniter4\framework\system\Database\Database.php(109): CodeIgniter\Database\BaseConnection->initialize()
#1 C:\xampp\htdocs\taprojek\vendor\codeigniter4\framework\system\Database\Config.php(148): CodeIgniter\Database\Database->loadForge(Object(CodeIgniter\Database\SQLite3\Connection))
#2 C:\xampp\htdocs\taprojek\vendor\codeigniter4\framework\system\Database\Migration.php(78): CodeIgniter\Database\Config::forge('tests')
#3 C:\xampp\htdocs\taprojek\vendor\codeigniter4\framework\system\Database\MigrationRunner.php(1026): CodeIgniter\Database\Migration->__construct()
#4 C:\xampp\htdocs\taprojek\vendor\codeigniter4\framework\system\Database\MigrationRunner.php(223): CodeIgniter\Database\MigrationRunner->migrate('up', Object(stdClass))
#5 C:\xampp\htdocs\taprojek\vendor\codeigniter4\framework\system\Commands\Database\Migrate.php(128): CodeIgniter\Database\MigrationRunner->latest(NULL)
#6 C:\xampp\htdocs\taprojek\vendor\codeigniter4\framework\system\CLI\Commands.php(100): CodeIgniter\Commands\Database\Migrate->run(Array)
#7 C:\xampp\htdocs\taprojek\vendor\codeigniter4\framework\system\CLI\BaseCommand.php(155): CodeIgniter\CLI\Commands->run('migrate', Array)
#8 C:\xampp\htdocs\taprojek\vendor\codeigniter4\framework\system\Commands\Database\MigrateRefresh.php(124): CodeIgniter\CLI\BaseCommand->call('migrate')
#9 C:\xampp\htdocs\taprojek\vendor\codeigniter4\framework\system\CLI\Commands.php(100): CodeIgniter\Commands\Database\MigrateRefresh->run(Array)
#10 C:\xampp\htdocs\taprojek\vendor\codeigniter4\framework\system\CLI\CommandRunner.php(107): CodeIgniter\CLI\Commands->run('migrate:refresh', Array)
#11 C:\xampp\htdocs\taprojek\vendor\codeigniter4\framework\system\CLI\CommandRunner.php(85): CodeIgniter\CLI\CommandRunner->index(Array)
#12 C:\xampp\htdocs\taprojek\vendor\codeigniter4\framework\system\CodeIgniter.php(914): CodeIgniter\CLI\CommandRunner->_remap('index', 'migrate:refresh')
#13 C:\xampp\htdocs\taprojek\vendor\codeigniter4\framework\system\CodeIgniter.php(404): CodeIgniter\CodeIgniter->runController(Object(CodeIgniter\CLI\CommandRunner))
#14 C:\xampp\htdocs\taprojek\vendor\codeigniter4\framework\system\CodeIgniter.php(312): CodeIgniter\CodeIgniter->handleRequest(NULL, Object(Config\Cache), false)
#15 C:\xampp\htdocs\taprojek\vendor\codeigniter4\framework\system\CLI\Console.php(86): CodeIgniter\CodeIgniter->run()
#16 C:\xampp\htdocs\taprojek\spark(57): CodeIgniter\CLI\Console->run()
#17 {main}
CRITICAL - 2021-03-07 21:42:54 --> Unable to connect to the database.
#0 C:\xampp\htdocs\taprojek\vendor\codeigniter4\framework\system\Database\Database.php(109): CodeIgniter\Database\BaseConnection->initialize()
#1 C:\xampp\htdocs\taprojek\vendor\codeigniter4\framework\system\Database\Config.php(148): CodeIgniter\Database\Database->loadForge(Object(CodeIgniter\Database\SQLite3\Connection))
#2 C:\xampp\htdocs\taprojek\vendor\codeigniter4\framework\system\Database\Migration.php(78): CodeIgniter\Database\Config::forge('tests')
#3 C:\xampp\htdocs\taprojek\vendor\codeigniter4\framework\system\Database\MigrationRunner.php(1026): CodeIgniter\Database\Migration->__construct()
#4 C:\xampp\htdocs\taprojek\vendor\codeigniter4\framework\system\Database\MigrationRunner.php(223): CodeIgniter\Database\MigrationRunner->migrate('up', Object(stdClass))
#5 C:\xampp\htdocs\taprojek\vendor\codeigniter4\framework\system\Commands\Database\Migrate.php(128): CodeIgniter\Database\MigrationRunner->latest(NULL)
#6 C:\xampp\htdocs\taprojek\vendor\codeigniter4\framework\system\CLI\Commands.php(100): CodeIgniter\Commands\Database\Migrate->run(Array)
#7 C:\xampp\htdocs\taprojek\vendor\codeigniter4\framework\system\CLI\BaseCommand.php(155): CodeIgniter\CLI\Commands->run('migrate', Array)
#8 C:\xampp\htdocs\taprojek\vendor\codeigniter4\framework\system\Commands\Database\MigrateRefresh.php(124): CodeIgniter\CLI\BaseCommand->call('migrate')
#9 C:\xampp\htdocs\taprojek\vendor\codeigniter4\framework\system\CLI\Commands.php(100): CodeIgniter\Commands\Database\MigrateRefresh->run(Array)
#10 C:\xampp\htdocs\taprojek\vendor\codeigniter4\framework\system\CLI\CommandRunner.php(107): CodeIgniter\CLI\Commands->run('migrate:refresh', Array)
#11 C:\xampp\htdocs\taprojek\vendor\codeigniter4\framework\system\CLI\CommandRunner.php(85): CodeIgniter\CLI\CommandRunner->index(Array)
#12 C:\xampp\htdocs\taprojek\vendor\codeigniter4\framework\system\CodeIgniter.php(914): CodeIgniter\CLI\CommandRunner->_remap('index', 'migrate:refresh')
#13 C:\xampp\htdocs\taprojek\vendor\codeigniter4\framework\system\CodeIgniter.php(404): CodeIgniter\CodeIgniter->runController(Object(CodeIgniter\CLI\CommandRunner))
#14 C:\xampp\htdocs\taprojek\vendor\codeigniter4\framework\system\CodeIgniter.php(312): CodeIgniter\CodeIgniter->handleRequest(NULL, Object(Config\Cache), false)
#15 C:\xampp\htdocs\taprojek\vendor\codeigniter4\framework\system\CLI\Console.php(86): CodeIgniter\CodeIgniter->run()
#16 C:\xampp\htdocs\taprojek\spark(57): CodeIgniter\CLI\Console->run()
#17 {main}
CRITICAL - 2021-03-07 21:43:55 --> Unable to connect to the database.
#0 C:\xampp\htdocs\taprojek\vendor\codeigniter4\framework\system\Database\Database.php(109): CodeIgniter\Database\BaseConnection->initialize()
#1 C:\xampp\htdocs\taprojek\vendor\codeigniter4\framework\system\Database\Config.php(148): CodeIgniter\Database\Database->loadForge(Object(CodeIgniter\Database\SQLite3\Connection))
#2 C:\xampp\htdocs\taprojek\vendor\codeigniter4\framework\system\Database\Migration.php(78): CodeIgniter\Database\Config::forge('tests')
#3 C:\xampp\htdocs\taprojek\vendor\codeigniter4\framework\system\Database\MigrationRunner.php(1026): CodeIgniter\Database\Migration->__construct()
#4 C:\xampp\htdocs\taprojek\vendor\codeigniter4\framework\system\Database\MigrationRunner.php(223): CodeIgniter\Database\MigrationRunner->migrate('up', Object(stdClass))
#5 C:\xampp\htdocs\taprojek\vendor\codeigniter4\framework\system\Commands\Database\Migrate.php(128): CodeIgniter\Database\MigrationRunner->latest(NULL)
#6 C:\xampp\htdocs\taprojek\vendor\codeigniter4\framework\system\CLI\Commands.php(100): CodeIgniter\Commands\Database\Migrate->run(Array)
#7 C:\xampp\htdocs\taprojek\vendor\codeigniter4\framework\system\CLI\BaseCommand.php(155): CodeIgniter\CLI\Commands->run('migrate', Array)
#8 C:\xampp\htdocs\taprojek\vendor\codeigniter4\framework\system\Commands\Database\MigrateRefresh.php(124): CodeIgniter\CLI\BaseCommand->call('migrate')
#9 C:\xampp\htdocs\taprojek\vendor\codeigniter4\framework\system\CLI\Commands.php(100): CodeIgniter\Commands\Database\MigrateRefresh->run(Array)
#10 C:\xampp\htdocs\taprojek\vendor\codeigniter4\framework\system\CLI\CommandRunner.php(107): CodeIgniter\CLI\Commands->run('migrate:refresh', Array)
#11 C:\xampp\htdocs\taprojek\vendor\codeigniter4\framework\system\CLI\CommandRunner.php(85): CodeIgniter\CLI\CommandRunner->index(Array)
#12 C:\xampp\htdocs\taprojek\vendor\codeigniter4\framework\system\CodeIgniter.php(914): CodeIgniter\CLI\CommandRunner->_remap('index', 'migrate:refresh')
#13 C:\xampp\htdocs\taprojek\vendor\codeigniter4\framework\system\CodeIgniter.php(404): CodeIgniter\CodeIgniter->runController(Object(CodeIgniter\CLI\CommandRunner))
#14 C:\xampp\htdocs\taprojek\vendor\codeigniter4\framework\system\CodeIgniter.php(312): CodeIgniter\CodeIgniter->handleRequest(NULL, Object(Config\Cache), false)
#15 C:\xampp\htdocs\taprojek\vendor\codeigniter4\framework\system\CLI\Console.php(86): CodeIgniter\CodeIgniter->run()
#16 C:\xampp\htdocs\taprojek\spark(57): CodeIgniter\CLI\Console->run()
#17 {main}
CRITICAL - 2021-03-07 21:44:56 --> Unable to connect to the database.
#0 C:\xampp\htdocs\taprojek\vendor\codeigniter4\framework\system\Database\Database.php(109): CodeIgniter\Database\BaseConnection->initialize()
#1 C:\xampp\htdocs\taprojek\vendor\codeigniter4\framework\system\Database\Config.php(148): CodeIgniter\Database\Database->loadForge(Object(CodeIgniter\Database\SQLite3\Connection))
#2 C:\xampp\htdocs\taprojek\vendor\codeigniter4\framework\system\Database\Migration.php(78): CodeIgniter\Database\Config::forge('tests')
#3 C:\xampp\htdocs\taprojek\vendor\codeigniter4\framework\system\Database\MigrationRunner.php(1026): CodeIgniter\Database\Migration->__construct()
#4 C:\xampp\htdocs\taprojek\vendor\codeigniter4\framework\system\Database\MigrationRunner.php(223): CodeIgniter\Database\MigrationRunner->migrate('up', Object(stdClass))
#5 C:\xampp\htdocs\taprojek\vendor\codeigniter4\framework\system\Commands\Database\Migrate.php(128): CodeIgniter\Database\MigrationRunner->latest(NULL)
#6 C:\xampp\htdocs\taprojek\vendor\codeigniter4\framework\system\CLI\Commands.php(100): CodeIgniter\Commands\Database\Migrate->run(Array)
#7 C:\xampp\htdocs\taprojek\vendor\codeigniter4\framework\system\CLI\BaseCommand.php(155): CodeIgniter\CLI\Commands->run('migrate', Array)
#8 C:\xampp\htdocs\taprojek\vendor\codeigniter4\framework\system\Commands\Database\MigrateRefresh.php(124): CodeIgniter\CLI\BaseCommand->call('migrate')
#9 C:\xampp\htdocs\taprojek\vendor\codeigniter4\framework\system\CLI\Commands.php(100): CodeIgniter\Commands\Database\MigrateRefresh->run(Array)
#10 C:\xampp\htdocs\taprojek\vendor\codeigniter4\framework\system\CLI\CommandRunner.php(107): CodeIgniter\CLI\Commands->run('migrate:refresh', Array)
#11 C:\xampp\htdocs\taprojek\vendor\codeigniter4\framework\system\CLI\CommandRunner.php(85): CodeIgniter\CLI\CommandRunner->index(Array)
#12 C:\xampp\htdocs\taprojek\vendor\codeigniter4\framework\system\CodeIgniter.php(914): CodeIgniter\CLI\CommandRunner->_remap('index', 'migrate:refresh', 'dokter')
#13 C:\xampp\htdocs\taprojek\vendor\codeigniter4\framework\system\CodeIgniter.php(404): CodeIgniter\CodeIgniter->runController(Object(CodeIgniter\CLI\CommandRunner))
#14 C:\xampp\htdocs\taprojek\vendor\codeigniter4\framework\system\CodeIgniter.php(312): CodeIgniter\CodeIgniter->handleRequest(NULL, Object(Config\Cache), false)
#15 C:\xampp\htdocs\taprojek\vendor\codeigniter4\framework\system\CLI\Console.php(86): CodeIgniter\CodeIgniter->run()
#16 C:\xampp\htdocs\taprojek\spark(57): CodeIgniter\CLI\Console->run()
#17 {main}
CRITICAL - 2021-03-07 21:49:26 --> Migrations have been loaded but are disabled or setup incorrectly.
#0 C:\xampp\htdocs\taprojek\vendor\codeigniter4\framework\system\Database\MigrationRunner.php(269): CodeIgniter\Exceptions\ConfigException::forDisabledMigrations()
#1 C:\xampp\htdocs\taprojek\vendor\codeigniter4\framework\system\Commands\Database\MigrateRollback.php(133): CodeIgniter\Database\MigrationRunner->regress(0)
#2 C:\xampp\htdocs\taprojek\vendor\codeigniter4\framework\system\CLI\Commands.php(100): CodeIgniter\Commands\Database\MigrateRollback->run(Array)
#3 C:\xampp\htdocs\taprojek\vendor\codeigniter4\framework\system\CLI\BaseCommand.php(155): CodeIgniter\CLI\Commands->run('migrate:rollbac...', Array)
#4 C:\xampp\htdocs\taprojek\vendor\codeigniter4\framework\system\Commands\Database\MigrateRefresh.php(123): CodeIgniter\CLI\BaseCommand->call('migrate:rollbac...', Array)
#5 C:\xampp\htdocs\taprojek\vendor\codeigniter4\framework\system\CLI\Commands.php(100): CodeIgniter\Commands\Database\MigrateRefresh->run(Array)
#6 C:\xampp\htdocs\taprojek\vendor\codeigniter4\framework\system\CLI\CommandRunner.php(107): CodeIgniter\CLI\Commands->run('migrate:refresh', Array)
#7 C:\xampp\htdocs\taprojek\vendor\codeigniter4\framework\system\CLI\CommandRunner.php(85): CodeIgniter\CLI\CommandRunner->index(Array)
#8 C:\xampp\htdocs\taprojek\vendor\codeigniter4\framework\system\CodeIgniter.php(914): CodeIgniter\CLI\CommandRunner->_remap('index', 'migrate:refresh')
#9 C:\xampp\htdocs\taprojek\vendor\codeigniter4\framework\system\CodeIgniter.php(404): CodeIgniter\CodeIgniter->runController(Object(CodeIgniter\CLI\CommandRunner))
#10 C:\xampp\htdocs\taprojek\vendor\codeigniter4\framework\system\CodeIgniter.php(312): CodeIgniter\CodeIgniter->handleRequest(NULL, Object(Config\Cache), false)
#11 C:\xampp\htdocs\taprojek\vendor\codeigniter4\framework\system\CLI\Console.php(86): CodeIgniter\CodeIgniter->run()
#12 C:\xampp\htdocs\taprojek\spark(57): CodeIgniter\CLI\Console->run()
#13 {main}
CRITICAL - 2021-03-07 21:51:18 --> Unable to connect to the database.
#0 C:\xampp\htdocs\taprojek\vendor\codeigniter4\framework\system\Database\Database.php(109): CodeIgniter\Database\BaseConnection->initialize()
#1 C:\xampp\htdocs\taprojek\vendor\codeigniter4\framework\system\Database\Config.php(148): CodeIgniter\Database\Database->loadForge(Object(CodeIgniter\Database\SQLite3\Connection))
#2 C:\xampp\htdocs\taprojek\vendor\codeigniter4\framework\system\Database\Migration.php(78): CodeIgniter\Database\Config::forge('tests')
#3 C:\xampp\htdocs\taprojek\vendor\codeigniter4\framework\system\Database\MigrationRunner.php(1026): CodeIgniter\Database\Migration->__construct()
#4 C:\xampp\htdocs\taprojek\vendor\codeigniter4\framework\system\Database\MigrationRunner.php(223): CodeIgniter\Database\MigrationRunner->migrate('up', Object(stdClass))
#5 C:\xampp\htdocs\taprojek\vendor\codeigniter4\framework\system\Commands\Database\Migrate.php(128): CodeIgniter\Database\MigrationRunner->latest(NULL)
#6 C:\xampp\htdocs\taprojek\vendor\codeigniter4\framework\system\CLI\Commands.php(100): CodeIgniter\Commands\Database\Migrate->run(Array)
#7 C:\xampp\htdocs\taprojek\vendor\codeigniter4\framework\system\CLI\BaseCommand.php(155): CodeIgniter\CLI\Commands->run('migrate', Array)
#8 C:\xampp\htdocs\taprojek\vendor\codeigniter4\framework\system\Commands\Database\MigrateRefresh.php(124): CodeIgniter\CLI\BaseCommand->call('migrate')
#9 C:\xampp\htdocs\taprojek\vendor\codeigniter4\framework\system\CLI\Commands.php(100): CodeIgniter\Commands\Database\MigrateRefresh->run(Array)
#10 C:\xampp\htdocs\taprojek\vendor\codeigniter4\framework\system\CLI\CommandRunner.php(107): CodeIgniter\CLI\Commands->run('migrate:refresh', Array)
#11 C:\xampp\htdocs\taprojek\vendor\codeigniter4\framework\system\CLI\CommandRunner.php(85): CodeIgniter\CLI\CommandRunner->index(Array)
#12 C:\xampp\htdocs\taprojek\vendor\codeigniter4\framework\system\CodeIgniter.php(914): CodeIgniter\CLI\CommandRunner->_remap('index', 'migrate:refresh')
#13 C:\xampp\htdocs\taprojek\vendor\codeigniter4\framework\system\CodeIgniter.php(404): CodeIgniter\CodeIgniter->runController(Object(CodeIgniter\CLI\CommandRunner))
#14 C:\xampp\htdocs\taprojek\vendor\codeigniter4\framework\system\CodeIgniter.php(312): CodeIgniter\CodeIgniter->handleRequest(NULL, Object(Config\Cache), false)
#15 C:\xampp\htdocs\taprojek\vendor\codeigniter4\framework\system\CLI\Console.php(86): CodeIgniter\CodeIgniter->run()
#16 C:\xampp\htdocs\taprojek\spark(57): CodeIgniter\CLI\Console->run()
#17 {main}
CRITICAL - 2021-03-07 21:55:11 --> Unable to connect to the database.
#0 C:\xampp\htdocs\taprojek\vendor\codeigniter4\framework\system\Database\Database.php(109): CodeIgniter\Database\BaseConnection->initialize()
#1 C:\xampp\htdocs\taprojek\vendor\codeigniter4\framework\system\Database\Config.php(148): CodeIgniter\Database\Database->loadForge(Object(CodeIgniter\Database\SQLite3\Connection))
#2 C:\xampp\htdocs\taprojek\vendor\codeigniter4\framework\system\Database\Migration.php(78): CodeIgniter\Database\Config::forge('tests')
#3 C:\xampp\htdocs\taprojek\vendor\codeigniter4\framework\system\Database\MigrationRunner.php(1026): CodeIgniter\Database\Migration->__construct()
#4 C:\xampp\htdocs\taprojek\vendor\codeigniter4\framework\system\Database\MigrationRunner.php(223): CodeIgniter\Database\MigrationRunner->migrate('up', Object(stdClass))
#5 C:\xampp\htdocs\taprojek\vendor\codeigniter4\framework\system\Commands\Database\Migrate.php(128): CodeIgniter\Database\MigrationRunner->latest(NULL)
#6 C:\xampp\htdocs\taprojek\vendor\codeigniter4\framework\system\CLI\Commands.php(100): CodeIgniter\Commands\Database\Migrate->run(Array)
#7 C:\xampp\htdocs\taprojek\vendor\codeigniter4\framework\system\CLI\BaseCommand.php(155): CodeIgniter\CLI\Commands->run('migrate', Array)
#8 C:\xampp\htdocs\taprojek\vendor\codeigniter4\framework\system\Commands\Database\MigrateRefresh.php(124): CodeIgniter\CLI\BaseCommand->call('migrate')
#9 C:\xampp\htdocs\taprojek\vendor\codeigniter4\framework\system\CLI\Commands.php(100): CodeIgniter\Commands\Database\MigrateRefresh->run(Array)
#10 C:\xampp\htdocs\taprojek\vendor\codeigniter4\framework\system\CLI\CommandRunner.php(107): CodeIgniter\CLI\Commands->run('migrate:refresh', Array)
#11 C:\xampp\htdocs\taprojek\vendor\codeigniter4\framework\system\CLI\CommandRunner.php(85): CodeIgniter\CLI\CommandRunner->index(Array)
#12 C:\xampp\htdocs\taprojek\vendor\codeigniter4\framework\system\CodeIgniter.php(914): CodeIgniter\CLI\CommandRunner->_remap('index', 'migrate:refresh', 'dokter')
#13 C:\xampp\htdocs\taprojek\vendor\codeigniter4\framework\system\CodeIgniter.php(404): CodeIgniter\CodeIgniter->runController(Object(CodeIgniter\CLI\CommandRunner))
#14 C:\xampp\htdocs\taprojek\vendor\codeigniter4\framework\system\CodeIgniter.php(312): CodeIgniter\CodeIgniter->handleRequest(NULL, Object(Config\Cache), false)
#15 C:\xampp\htdocs\taprojek\vendor\codeigniter4\framework\system\CLI\Console.php(86): CodeIgniter\CodeIgniter->run()
#16 C:\xampp\htdocs\taprojek\spark(57): CodeIgniter\CLI\Console->run()
#17 {main}
CRITICAL - 2021-03-07 21:59:17 --> Unable to connect to the database.
#0 C:\xampp\htdocs\taprojek\vendor\codeigniter4\framework\system\Database\Database.php(109): CodeIgniter\Database\BaseConnection->initialize()
#1 C:\xampp\htdocs\taprojek\vendor\codeigniter4\framework\system\Database\Config.php(148): CodeIgniter\Database\Database->loadForge(Object(CodeIgniter\Database\SQLite3\Connection))
#2 C:\xampp\htdocs\taprojek\vendor\codeigniter4\framework\system\Database\Migration.php(78): CodeIgniter\Database\Config::forge('tests')
#3 C:\xampp\htdocs\taprojek\vendor\codeigniter4\framework\system\Database\MigrationRunner.php(1026): CodeIgniter\Database\Migration->__construct()
#4 C:\xampp\htdocs\taprojek\vendor\codeigniter4\framework\system\Database\MigrationRunner.php(223): CodeIgniter\Database\MigrationRunner->migrate('up', Object(stdClass))
#5 C:\xampp\htdocs\taprojek\vendor\codeigniter4\framework\system\Commands\Database\Migrate.php(128): CodeIgniter\Database\MigrationRunner->latest(NULL)
#6 C:\xampp\htdocs\taprojek\vendor\codeigniter4\framework\system\CLI\Commands.php(100): CodeIgniter\Commands\Database\Migrate->run(Array)
#7 C:\xampp\htdocs\taprojek\vendor\codeigniter4\framework\system\CLI\BaseCommand.php(155): CodeIgniter\CLI\Commands->run('migrate', Array)
#8 C:\xampp\htdocs\taprojek\vendor\codeigniter4\framework\system\Commands\Database\MigrateRefresh.php(124): CodeIgniter\CLI\BaseCommand->call('migrate')
#9 C:\xampp\htdocs\taprojek\vendor\codeigniter4\framework\system\CLI\Commands.php(100): CodeIgniter\Commands\Database\MigrateRefresh->run(Array)
#10 C:\xampp\htdocs\taprojek\vendor\codeigniter4\framework\system\CLI\CommandRunner.php(107): CodeIgniter\CLI\Commands->run('migrate:refresh', Array)
#11 C:\xampp\htdocs\taprojek\vendor\codeigniter4\framework\system\CLI\CommandRunner.php(85): CodeIgniter\CLI\CommandRunner->index(Array)
#12 C:\xampp\htdocs\taprojek\vendor\codeigniter4\framework\system\CodeIgniter.php(914): CodeIgniter\CLI\CommandRunner->_remap('index', 'migrate:refresh', 'Dokter')
#13 C:\xampp\htdocs\taprojek\vendor\codeigniter4\framework\system\CodeIgniter.php(404): CodeIgniter\CodeIgniter->runController(Object(CodeIgniter\CLI\CommandRunner))
#14 C:\xampp\htdocs\taprojek\vendor\codeigniter4\framework\system\CodeIgniter.php(312): CodeIgniter\CodeIgniter->handleRequest(NULL, Object(Config\Cache), false)
#15 C:\xampp\htdocs\taprojek\vendor\codeigniter4\framework\system\CLI\Console.php(86): CodeIgniter\CodeIgniter->run()
#16 C:\xampp\htdocs\taprojek\spark(57): CodeIgniter\CLI\Console->run()
#17 {main}
CRITICAL - 2021-03-07 22:00:34 --> Unable to connect to the database.
#0 C:\xampp\htdocs\taprojek\vendor\codeigniter4\framework\system\Database\Database.php(109): CodeIgniter\Database\BaseConnection->initialize()
#1 C:\xampp\htdocs\taprojek\vendor\codeigniter4\framework\system\Database\Config.php(148): CodeIgniter\Database\Database->loadForge(Object(CodeIgniter\Database\SQLite3\Connection))
#2 C:\xampp\htdocs\taprojek\vendor\codeigniter4\framework\system\Database\Migration.php(78): CodeIgniter\Database\Config::forge('tests')
#3 C:\xampp\htdocs\taprojek\vendor\codeigniter4\framework\system\Database\MigrationRunner.php(1026): CodeIgniter\Database\Migration->__construct()
#4 C:\xampp\htdocs\taprojek\vendor\codeigniter4\framework\system\Database\MigrationRunner.php(223): CodeIgniter\Database\MigrationRunner->migrate('up', Object(stdClass))
#5 C:\xampp\htdocs\taprojek\vendor\codeigniter4\framework\system\Commands\Database\Migrate.php(128): CodeIgniter\Database\MigrationRunner->latest('1')
#6 C:\xampp\htdocs\taprojek\vendor\codeigniter4\framework\system\CLI\Commands.php(100): CodeIgniter\Commands\Database\Migrate->run(Array)
#7 C:\xampp\htdocs\taprojek\vendor\codeigniter4\framework\system\CLI\BaseCommand.php(155): CodeIgniter\CLI\Commands->run('migrate', Array)
#8 C:\xampp\htdocs\taprojek\vendor\codeigniter4\framework\system\Commands\Database\MigrateRefresh.php(124): CodeIgniter\CLI\BaseCommand->call('migrate')
#9 C:\xampp\htdocs\taprojek\vendor\codeigniter4\framework\system\CLI\Commands.php(100): CodeIgniter\Commands\Database\MigrateRefresh->run(Array)
#10 C:\xampp\htdocs\taprojek\vendor\codeigniter4\framework\system\CLI\CommandRunner.php(107): CodeIgniter\CLI\Commands->run('migrate:refresh', Array)
#11 C:\xampp\htdocs\taprojek\vendor\codeigniter4\framework\system\CLI\CommandRunner.php(85): CodeIgniter\CLI\CommandRunner->index(Array)
#12 C:\xampp\htdocs\taprojek\vendor\codeigniter4\framework\system\CodeIgniter.php(914): CodeIgniter\CLI\CommandRunner->_remap('index', 'migrate:refresh')
#13 C:\xampp\htdocs\taprojek\vendor\codeigniter4\framework\system\CodeIgniter.php(404): CodeIgniter\CodeIgniter->runController(Object(CodeIgniter\CLI\CommandRunner))
#14 C:\xampp\htdocs\taprojek\vendor\codeigniter4\framework\system\CodeIgniter.php(312): CodeIgniter\CodeIgniter->handleRequest(NULL, Object(Config\Cache), false)
#15 C:\xampp\htdocs\taprojek\vendor\codeigniter4\framework\system\CLI\Console.php(86): CodeIgniter\CodeIgniter->run()
#16 C:\xampp\htdocs\taprojek\spark(57): CodeIgniter\CLI\Console->run()
#17 {main}
CRITICAL - 2021-03-07 22:03:58 --> Unable to connect to the database.
#0 C:\xampp\htdocs\taprojek\vendor\codeigniter4\framework\system\Database\Database.php(109): CodeIgniter\Database\BaseConnection->initialize()
#1 C:\xampp\htdocs\taprojek\vendor\codeigniter4\framework\system\Database\Config.php(148): CodeIgniter\Database\Database->loadForge(Object(CodeIgniter\Database\SQLite3\Connection))
#2 C:\xampp\htdocs\taprojek\vendor\codeigniter4\framework\system\Database\Migration.php(78): CodeIgniter\Database\Config::forge('tests')
#3 C:\xampp\htdocs\taprojek\vendor\codeigniter4\framework\system\Database\MigrationRunner.php(1026): CodeIgniter\Database\Migration->__construct()
#4 C:\xampp\htdocs\taprojek\vendor\codeigniter4\framework\system\Database\MigrationRunner.php(223): CodeIgniter\Database\MigrationRunner->migrate('up', Object(stdClass))
#5 C:\xampp\htdocs\taprojek\vendor\codeigniter4\framework\system\Commands\Database\Migrate.php(128): CodeIgniter\Database\MigrationRunner->latest(NULL)
#6 C:\xampp\htdocs\taprojek\vendor\codeigniter4\framework\system\CLI\Commands.php(100): CodeIgniter\Commands\Database\Migrate->run(Array)
#7 C:\xampp\htdocs\taprojek\vendor\codeigniter4\framework\system\CLI\BaseCommand.php(155): CodeIgniter\CLI\Commands->run('migrate', Array)
#8 C:\xampp\htdocs\taprojek\vendor\codeigniter4\framework\system\Commands\Database\MigrateRefresh.php(124): CodeIgniter\CLI\BaseCommand->call('migrate')
#9 C:\xampp\htdocs\taprojek\vendor\codeigniter4\framework\system\CLI\Commands.php(100): CodeIgniter\Commands\Database\MigrateRefresh->run(Array)
#10 C:\xampp\htdocs\taprojek\vendor\codeigniter4\framework\system\CLI\CommandRunner.php(107): CodeIgniter\CLI\Commands->run('migrate:refresh', Array)
#11 C:\xampp\htdocs\taprojek\vendor\codeigniter4\framework\system\CLI\CommandRunner.php(85): CodeIgniter\CLI\CommandRunner->index(Array)
#12 C:\xampp\htdocs\taprojek\vendor\codeigniter4\framework\system\CodeIgniter.php(914): CodeIgniter\CLI\CommandRunner->_remap('index', 'migrate:refresh')
#13 C:\xampp\htdocs\taprojek\vendor\codeigniter4\framework\system\CodeIgniter.php(404): CodeIgniter\CodeIgniter->runController(Object(CodeIgniter\CLI\CommandRunner))
#14 C:\xampp\htdocs\taprojek\vendor\codeigniter4\framework\system\CodeIgniter.php(312): CodeIgniter\CodeIgniter->handleRequest(NULL, Object(Config\Cache), false)
#15 C:\xampp\htdocs\taprojek\vendor\codeigniter4\framework\system\CLI\Console.php(86): CodeIgniter\CodeIgniter->run()
#16 C:\xampp\htdocs\taprojek\spark(57): CodeIgniter\CLI\Console->run()
#17 {main}
CRITICAL - 2021-03-07 22:06:01 --> Unable to connect to the database.
#0 C:\xampp\htdocs\taprojek\vendor\codeigniter4\framework\system\Database\Database.php(109): CodeIgniter\Database\BaseConnection->initialize()
#1 C:\xampp\htdocs\taprojek\vendor\codeigniter4\framework\system\Database\Config.php(148): CodeIgniter\Database\Database->loadForge(Object(CodeIgniter\Database\SQLite3\Connection))
#2 C:\xampp\htdocs\taprojek\vendor\codeigniter4\framework\system\Database\Migration.php(78): CodeIgniter\Database\Config::forge('tests')
#3 C:\xampp\htdocs\taprojek\vendor\codeigniter4\framework\system\Database\MigrationRunner.php(1026): CodeIgniter\Database\Migration->__construct()
#4 C:\xampp\htdocs\taprojek\vendor\codeigniter4\framework\system\Database\MigrationRunner.php(223): CodeIgniter\Database\MigrationRunner->migrate('up', Object(stdClass))
#5 C:\xampp\htdocs\taprojek\vendor\codeigniter4\framework\system\Commands\Database\Migrate.php(128): CodeIgniter\Database\MigrationRunner->latest(NULL)
#6 C:\xampp\htdocs\taprojek\vendor\codeigniter4\framework\system\CLI\Commands.php(100): CodeIgniter\Commands\Database\Migrate->run(Array)
#7 C:\xampp\htdocs\taprojek\vendor\codeigniter4\framework\system\CLI\BaseCommand.php(155): CodeIgniter\CLI\Commands->run('migrate', Array)
#8 C:\xampp\htdocs\taprojek\vendor\codeigniter4\framework\system\Commands\Database\MigrateRefresh.php(124): CodeIgniter\CLI\BaseCommand->call('migrate')
#9 C:\xampp\htdocs\taprojek\vendor\codeigniter4\framework\system\CLI\Commands.php(100): CodeIgniter\Commands\Database\MigrateRefresh->run(Array)
#10 C:\xampp\htdocs\taprojek\vendor\codeigniter4\framework\system\CLI\CommandRunner.php(107): CodeIgniter\CLI\Commands->run('migrate:refresh', Array)
#11 C:\xampp\htdocs\taprojek\vendor\codeigniter4\framework\system\CLI\CommandRunner.php(85): CodeIgniter\CLI\CommandRunner->index(Array)
#12 C:\xampp\htdocs\taprojek\vendor\codeigniter4\framework\system\CodeIgniter.php(914): CodeIgniter\CLI\CommandRunner->_remap('index', 'migrate:refresh')
#13 C:\xampp\htdocs\taprojek\vendor\codeigniter4\framework\system\CodeIgniter.php(404): CodeIgniter\CodeIgniter->runController(Object(CodeIgniter\CLI\CommandRunner))
#14 C:\xampp\htdocs\taprojek\vendor\codeigniter4\framework\system\CodeIgniter.php(312): CodeIgniter\CodeIgniter->handleRequest(NULL, Object(Config\Cache), false)
#15 C:\xampp\htdocs\taprojek\vendor\codeigniter4\framework\system\CLI\Console.php(86): CodeIgniter\CodeIgniter->run()
#16 C:\xampp\htdocs\taprojek\spark(57): CodeIgniter\CLI\Console->run()
#17 {main}
